
> autobahn@1.0.0 dev
> next dev

   ▲ Next.js 15.0.4
   - Local:        http://localhost:3000
   - Environments: .env.local

 ✓ Starting...
 ✓ Ready in 1661ms
Browserslist: browsers data (caniuse-lite) is 7 months old. Please run:
  npx update-browserslist-db@latest
  Why you should do it regularly: https://github.com/browserslist/update-db#readme
 ○ Compiling /userface ...
 ✓ Compiled /userface in 686ms (695 modules)
 GET /userface 200 in 869ms
 GET /userface 200 in 40ms
 ⚠ The requested resource "/images/loaders/p0.gif" is an animated image so it will not be optimized. Consider adding the "unoptimized" property to the <Image>.
 ✓ Compiled in 233ms (681 modules)
 GET /socket.io?EIO=4&transport=polling&t=p8jgk44t 404 in 952ms
 POST /__nextjs_original-stack-frames 404 in 4ms
 GET /socket.io?EIO=4&transport=polling&t=p8pmuc4y 404 in 16ms
 POST /__nextjs_original-stack-frames 404 in 9ms
 GET /socket.io?EIO=4&transport=polling&t=p8u9i50m 404 in 20ms
 POST /__nextjs_original-stack-frames 404 in 14ms
 GET /socket.io?EIO=4&transport=polling&t=p8yw5i0y 404 in 19ms
 POST /__nextjs_original-stack-frames 404 in 11ms
 GET /socket.io?EIO=4&transport=polling&t=p93ithat 404 in 16ms
 POST /__nextjs_original-stack-frames 404 in 14ms
 GET /socket.io?EIO=4&transport=polling&t=p985i6l4 404 in 17ms
 POST /__nextjs_original-stack-frames 404 in 12ms
 GET /socket.io?EIO=4&transport=polling&t=p9cs5vt0 404 in 13ms
 POST /__nextjs_original-stack-frames 404 in 14ms
 GET /socket.io?EIO=4&transport=polling&t=p9heu8n3 404 in 17ms
 POST /__nextjs_original-stack-frames 404 in 13ms
 GET /socket.io?EIO=4&transport=polling&t=p9m1h1s9 404 in 12ms
 POST /__nextjs_original-stack-frames 404 in 10ms
 GET /socket.io?EIO=4&transport=polling&t=p9qo6zmw 404 in 17ms
 POST /__nextjs_original-stack-frames 404 in 11ms
 GET /socket.io?EIO=4&transport=polling&t=p9vattmu 404 in 13ms
 POST /__nextjs_original-stack-frames 404 in 12ms
 GET /socket.io?EIO=4&transport=polling&t=p9zxh2ls 404 in 13ms
 POST /__nextjs_original-stack-frames 404 in 12ms
 GET /socket.io?EIO=4&transport=polling&t=pa4k64nf 404 in 12ms
 POST /__nextjs_original-stack-frames 404 in 13ms
 GET /socket.io?EIO=4&transport=polling&t=pa96t401 404 in 13ms
 POST /__nextjs_original-stack-frames 404 in 8ms
 GET /socket.io?EIO=4&transport=polling&t=padth20i 404 in 14ms
 POST /__nextjs_original-stack-frames 404 in 10ms
 GET /socket.io?EIO=4&transport=polling&t=paig5ovx 404 in 14ms
 POST /__nextjs_original-stack-frames 404 in 12ms
 GET /socket.io?EIO=4&transport=polling&t=pan2tdmv 404 in 13ms
 POST /__nextjs_original-stack-frames 404 in 12ms
 GET /socket.io?EIO=4&transport=polling&t=parphxuh 404 in 15ms
 POST /__nextjs_original-stack-frames 404 in 13ms
 GET /socket.io?EIO=4&transport=polling&t=pawc5nbw 404 in 13ms
 POST /__nextjs_original-stack-frames 404 in 13ms
 GET /socket.io?EIO=4&transport=polling&t=pb0ys2vy 404 in 14ms
 POST /__nextjs_original-stack-frames 404 in 13ms
 GET /socket.io?EIO=4&transport=polling&t=pb5lgbhk 404 in 13ms
 POST /__nextjs_original-stack-frames 404 in 11ms
 GET /socket.io?EIO=4&transport=polling&t=pba840yw 404 in 11ms
 POST /__nextjs_original-stack-frames 404 in 11ms
 GET /socket.io?EIO=4&transport=polling&t=pbeuse3e 404 in 8ms
 POST /__nextjs_original-stack-frames 404 in 5ms
 ✓ Compiled /_error in 344ms (920 modules)
 GET /socket.io?EIO=4&transport=polling&t=pbjhhcqq 404 in 420ms
 GET /userface 200 in 265ms
 POST /__nextjs_original-stack-frames 404 in 11ms
 GET /userface 200 in 3ms
 GET /_next/static/css/app/layout.css?v=1750961587769 404 in 4ms
 GET /_next/static/css/app/userface/page.css?v=1750961587769 404 in 3ms
 GET /socket.io?EIO=4&transport=polling&t=pbo45epf 404 in 16ms
 POST /__nextjs_original-stack-frames 404 in 14ms
 GET /userface 200 in 43ms
 GET /_next/static/css/app/userface/page.css?v=1750961594638 404 in 14ms
 GET /_next/static/css/app/layout.css?v=1750961594638 404 in 15ms
 GET /_next/static/chunks/main-app.js?v=1750961594638 404 in 24ms
 GET /_next/static/chunks/app-pages-internals.js 404 in 11ms
 GET /_next/static/chunks/app/layout.js 404 in 10ms
 GET /_next/static/chunks/app/userface/page.js 404 in 10ms
 GET /userface 200 in 16ms
 GET /_next/static/css/app/userface/page.css?v=1750961595315 404 in 19ms
 GET /_next/static/css/app/layout.css?v=1750961595315 404 in 20ms
 GET /_next/static/chunks/main-app.js?v=1750961595315 404 in 31ms
 GET /_next/static/chunks/app-pages-internals.js 404 in 13ms
 GET /_next/static/chunks/app/layout.js 404 in 12ms
 GET /_next/static/chunks/app/userface/page.js 404 in 13ms
 GET /userface 200 in 12ms
 GET /_next/static/css/app/userface/page.css?v=1750961595442 404 in 16ms
 GET /_next/static/css/app/layout.css?v=1750961595442 404 in 16ms
 GET /_next/static/chunks/main-app.js?v=1750961595442 404 in 29ms
 GET /_next/static/chunks/app/layout.js 404 in 12ms
 GET /_next/static/chunks/app/userface/page.js 404 in 12ms
 GET /_next/static/chunks/app-pages-internals.js 404 in 13ms
 GET /socket.io?EIO=4&transport=polling&t=pbsqsxtx 404 in 13ms
 POST /__nextjs_original-stack-frames 404 in 16ms
 GET /socket.io?EIO=4&transport=polling&t=pc204j0r 404 in 5ms
 POST /__nextjs_original-stack-frames 404 in 4ms
 GET /socket.io?EIO=4&transport=polling&t=pc6ms4uq 404 in 18ms
 POST /__nextjs_original-stack-frames 404 in 13ms
 GET /socket.io?EIO=4&transport=polling&t=pcb9gabr 404 in 18ms
 POST /__nextjs_original-stack-frames 404 in 13ms
 GET /socket.io?EIO=4&transport=polling&t=pcfw49qj 404 in 17ms
 POST /__nextjs_original-stack-frames 404 in 15ms
 GET /socket.io?EIO=4&transport=polling&t=pckis0a2 404 in 15ms
 POST /__nextjs_original-stack-frames 404 in 11ms
 GET /socket.io?EIO=4&transport=polling&t=pcp5gp9r 404 in 13ms
 POST /__nextjs_original-stack-frames 404 in 11ms
 GET /socket.io?EIO=4&transport=polling&t=pcts3w9d 404 in 13ms
 POST /__nextjs_original-stack-frames 404 in 15ms
 GET /socket.io?EIO=4&transport=polling&t=pcyesh4l 404 in 14ms
 POST /__nextjs_original-stack-frames 404 in 12ms
 GET /socket.io?EIO=4&transport=polling&t=pd31fb2b 404 in 13ms
 POST /__nextjs_original-stack-frames 404 in 11ms
 GET /socket.io?EIO=4&transport=polling&t=pd7o40es 404 in 16ms
 POST /__nextjs_original-stack-frames 404 in 11ms
 GET /socket.io?EIO=4&transport=polling&t=pdcasj37 404 in 19ms
 POST /__nextjs_original-stack-frames 404 in 14ms
 GET /socket.io?EIO=4&transport=polling&t=pdgxf2f8 404 in 17ms
 POST /__nextjs_original-stack-frames 404 in 17ms
 GET /socket.io?EIO=4&transport=polling&t=pdlk4pt8 404 in 16ms
 POST /__nextjs_original-stack-frames 404 in 12ms
 GET /socket.io?EIO=4&transport=polling&t=pdq6rqip 404 in 18ms
 POST /__nextjs_original-stack-frames 404 in 12ms
 GET /socket.io?EIO=4&transport=polling&t=pdutfsd6 404 in 13ms
 POST /__nextjs_original-stack-frames 404 in 14ms
 GET /socket.io?EIO=4&transport=polling&t=pdzg3yw4 404 in 16ms
 POST /__nextjs_original-stack-frames 404 in 14ms
 GET /socket.io?EIO=4&transport=polling&t=pe42rgyd 404 in 16ms
 POST /__nextjs_original-stack-frames 404 in 17ms
 GET /socket.io?EIO=4&transport=polling&t=pe8pe6km 404 in 16ms
 POST /__nextjs_original-stack-frames 404 in 15ms
 GET /socket.io?EIO=4&transport=polling&t=pedc30bp 404 in 11ms
 POST /__nextjs_original-stack-frames 404 in 17ms
 GET /socket.io?EIO=4&transport=polling&t=pehyqdue 404 in 14ms
 POST /__nextjs_original-stack-frames 404 in 12ms
 GET /socket.io?EIO=4&transport=polling&t=pemlf0m4 404 in 15ms
 POST /__nextjs_original-stack-frames 404 in 12ms
 GET /socket.io?EIO=4&transport=polling&t=per83hv6 404 in 15ms
 POST /__nextjs_original-stack-frames 404 in 17ms
 GET /socket.io?EIO=4&transport=polling&t=pevurxvx 404 in 16ms
 POST /__nextjs_original-stack-frames 404 in 14ms
 GET /socket.io?EIO=4&transport=polling&t=pf0hemgm 404 in 15ms
 POST /__nextjs_original-stack-frames 404 in 15ms
 GET /socket.io?EIO=4&transport=polling&t=pf542dgn 404 in 14ms
 POST /__nextjs_original-stack-frames 404 in 14ms
 GET /socket.io?EIO=4&transport=polling&t=pf9qrruk 404 in 16ms
 POST /__nextjs_original-stack-frames 404 in 15ms
 GET /socket.io?EIO=4&transport=polling&t=pfedfv0h 404 in 15ms
 POST /__nextjs_original-stack-frames 404 in 17ms
 GET /socket.io?EIO=4&transport=polling&t=pfj02q77 404 in 14ms
 POST /__nextjs_original-stack-frames 404 in 14ms
 GET /socket.io?EIO=4&transport=polling&t=pfnmqr0j 404 in 16ms
 POST /__nextjs_original-stack-frames 404 in 14ms
 GET /socket.io?EIO=4&transport=polling&t=pfs9e5nu 404 in 13ms
 POST /__nextjs_original-stack-frames 404 in 12ms
 GET /socket.io?EIO=4&transport=polling&t=pfww2np2 404 in 15ms
 POST /__nextjs_original-stack-frames 404 in 16ms
 GET /socket.io?EIO=4&transport=polling&t=pg1irbg2 404 in 15ms
 POST /__nextjs_original-stack-frames 404 in 15ms
 GET /socket.io?EIO=4&transport=polling&t=pg65fyrm 404 in 12ms
 POST /__nextjs_original-stack-frames 404 in 16ms
 GET /socket.io?EIO=4&transport=polling&t=pgas2shy 404 in 14ms
 POST /__nextjs_original-stack-frames 404 in 14ms
 GET /socket.io?EIO=4&transport=polling&t=pgfeq06k 404 in 14ms
 POST /__nextjs_original-stack-frames 404 in 11ms
 GET /socket.io?EIO=4&transport=polling&t=pgk1ekjh 404 in 14ms
 POST /__nextjs_original-stack-frames 404 in 13ms
 GET /socket.io?EIO=4&transport=polling&t=pgoo2a7c 404 in 15ms
 POST /__nextjs_original-stack-frames 404 in 15ms
 GET /socket.io?EIO=4&transport=polling&t=pgtaq5nn 404 in 16ms
 POST /__nextjs_original-stack-frames 404 in 15ms
 GET /socket.io?EIO=4&transport=polling&t=pgxxdw25 404 in 14ms
 POST /__nextjs_original-stack-frames 404 in 12ms
 GET /socket.io?EIO=4&transport=polling&t=ph2k2mfw 404 in 18ms
 POST /__nextjs_original-stack-frames 404 in 14ms
 GET /socket.io?EIO=4&transport=polling&t=ph76qlbs 404 in 16ms
 POST /__nextjs_original-stack-frames 404 in 15ms
 GET /socket.io?EIO=4&transport=polling&t=phbtd8g8 404 in 16ms
 POST /__nextjs_original-stack-frames 404 in 13ms
 GET /socket.io?EIO=4&transport=polling&t=phgg14bh 404 in 14ms
 POST /__nextjs_original-stack-frames 404 in 16ms
 GET /socket.io?EIO=4&transport=polling&t=phl2p1dt 404 in 15ms
 POST /__nextjs_original-stack-frames 404 in 14ms
 GET /socket.io?EIO=4&transport=polling&t=phppetjm 404 in 16ms
 POST /__nextjs_original-stack-frames 404 in 17ms
 GET /socket.io?EIO=4&transport=polling&t=phuc24e1 404 in 17ms
 POST /__nextjs_original-stack-frames 404 in 15ms
 GET /socket.io?EIO=4&transport=polling&t=phyyp1rz 404 in 15ms
 POST /__nextjs_original-stack-frames 404 in 18ms
 GET /socket.io?EIO=4&transport=polling&t=pi3ld5go 404 in 17ms
 POST /__nextjs_original-stack-frames 404 in 13ms
 GET /socket.io?EIO=4&transport=polling&t=pi881xhv 404 in 16ms
 POST /__nextjs_original-stack-frames 404 in 15ms
 GET /socket.io?EIO=4&transport=polling&t=picuqqc3 404 in 13ms
 POST /__nextjs_original-stack-frames 404 in 14ms
 GET /socket.io?EIO=4&transport=polling&t=pihhdzyw 404 in 14ms
 POST /__nextjs_original-stack-frames 404 in 15ms
 GET /socket.io?EIO=4&transport=polling&t=pim41gfv 404 in 14ms
 POST /__nextjs_original-stack-frames 404 in 13ms
 GET /socket.io?EIO=4&transport=polling&t=piqqpubn 404 in 16ms
 POST /__nextjs_original-stack-frames 404 in 14ms
 GET /socket.io?EIO=4&transport=polling&t=pivdde2s 404 in 14ms
 POST /__nextjs_original-stack-frames 404 in 13ms
 GET /socket.io?EIO=4&transport=polling&t=pj000oz2 404 in 11ms
 POST /__nextjs_original-stack-frames 404 in 12ms
 GET /socket.io?EIO=4&transport=polling&t=pj4mpmrq 404 in 17ms
 POST /__nextjs_original-stack-frames 404 in 14ms
 GET /socket.io?EIO=4&transport=polling&t=pj99dbin 404 in 16ms
 POST /__nextjs_original-stack-frames 404 in 17ms
 GET /socket.io?EIO=4&transport=polling&t=pjdw003z 404 in 17ms
 POST /__nextjs_original-stack-frames 404 in 14ms
 GET /socket.io?EIO=4&transport=polling&t=pjiiokcj 404 in 16ms
 POST /__nextjs_original-stack-frames 404 in 13ms
 GET /socket.io?EIO=4&transport=polling&t=pjn5c665 404 in 16ms
 POST /__nextjs_original-stack-frames 404 in 12ms
 GET /socket.io?EIO=4&transport=polling&t=pjrs1hmf 404 in 13ms
 POST /__nextjs_original-stack-frames 404 in 14ms
 GET /socket.io?EIO=4&transport=polling&t=pjweo28s 404 in 14ms
 POST /__nextjs_original-stack-frames 404 in 17ms
 GET /socket.io?EIO=4&transport=polling&t=pk11dvtq 404 in 15ms
 POST /__nextjs_original-stack-frames 404 in 12ms
 GET /socket.io?EIO=4&transport=polling&t=pk5o0im9 404 in 14ms
 POST /__nextjs_original-stack-frames 404 in 13ms
 GET /socket.io?EIO=4&transport=polling&t=pkaaoo0f 404 in 17ms
 POST /__nextjs_original-stack-frames 404 in 13ms
 GET /socket.io?EIO=4&transport=polling&t=pkexc20j 404 in 13ms
 POST /__nextjs_original-stack-frames 404 in 12ms
 GET /socket.io?EIO=4&transport=polling&t=pkjk0chl 404 in 14ms
 POST /__nextjs_original-stack-frames 404 in 17ms
 GET /socket.io?EIO=4&transport=polling&t=pko6o875 404 in 15ms
 POST /__nextjs_original-stack-frames 404 in 14ms
 GET /socket.io?EIO=4&transport=polling&t=pkstc9vb 404 in 13ms
 POST /__nextjs_original-stack-frames 404 in 12ms
 GET /socket.io?EIO=4&transport=polling&t=pkxfz3iw 404 in 14ms
 POST /__nextjs_original-stack-frames 404 in 14ms
 GET /socket.io?EIO=4&transport=polling&t=pl22ooav 404 in 15ms
 POST /__nextjs_original-stack-frames 404 in 14ms
 GET /socket.io?EIO=4&transport=polling&t=pl6pbjy9 404 in 16ms
 POST /__nextjs_original-stack-frames 404 in 10ms
 GET /socket.io?EIO=4&transport=polling&t=plbbzju4 404 in 14ms
 POST /__nextjs_original-stack-frames 404 in 11ms
 GET /socket.io?EIO=4&transport=polling&t=plfyo53x 404 in 15ms
 POST /__nextjs_original-stack-frames 404 in 13ms
 GET /socket.io?EIO=4&transport=polling&t=plklbebd 404 in 11ms
 POST /__nextjs_original-stack-frames 404 in 13ms
 GET /socket.io?EIO=4&transport=polling&t=plp7znnh 404 in 11ms
 POST /__nextjs_original-stack-frames 404 in 9ms
 GET /socket.io?EIO=4&transport=polling&t=pltuomak 404 in 13ms
 POST /__nextjs_original-stack-frames 404 in 12ms
 GET /socket.io?EIO=4&transport=polling&t=plyhbbx7 404 in 19ms
 POST /__nextjs_original-stack-frames 404 in 9ms
 GET /socket.io?EIO=4&transport=polling&t=pm33z1mw 404 in 11ms
 POST /__nextjs_original-stack-frames 404 in 11ms
 GET /socket.io?EIO=4&transport=polling&t=pm7qgjx2 404 in 12ms
 POST /__nextjs_original-stack-frames 404 in 12ms
 GET /socket.io?EIO=4&transport=polling&t=pmccz977 404 in 12ms
 POST /__nextjs_original-stack-frames 404 in 9ms
 GET /socket.io?EIO=4&transport=polling&t=pmgzj665 404 in 12ms
 POST /__nextjs_original-stack-frames 404 in 10ms
 GET /socket.io?EIO=4&transport=polling&t=pmlm5qex 404 in 14ms
 POST /__nextjs_original-stack-frames 404 in 11ms
 GET /socket.io?EIO=4&transport=polling&t=pmq8rpvg 404 in 12ms
 POST /__nextjs_original-stack-frames 404 in 12ms
 GET /socket.io?EIO=4&transport=polling&t=pmuvdqg1 404 in 16ms
 POST /__nextjs_original-stack-frames 404 in 9ms
 GET /socket.io?EIO=4&transport=polling&t=pmzi11fi 404 in 12ms
 POST /__nextjs_original-stack-frames 404 in 10ms
 GET /socket.io?EIO=4&transport=polling&t=pn44ozs7 404 in 12ms
 POST /__nextjs_original-stack-frames 404 in 10ms
 GET /socket.io?EIO=4&transport=polling&t=pn8rb9g4 404 in 13ms
 POST /__nextjs_original-stack-frames 404 in 12ms
 GET /socket.io?EIO=4&transport=polling&t=pnddzsxg 404 in 12ms
 POST /__nextjs_original-stack-frames 404 in 12ms
 GET /socket.io?EIO=4&transport=polling&t=pni0nfqr 404 in 12ms
 POST /__nextjs_original-stack-frames 404 in 12ms
 GET /socket.io?EIO=4&transport=polling&t=pnmnayc4 404 in 13ms
 POST /__nextjs_original-stack-frames 404 in 12ms
 GET /socket.io?EIO=4&transport=polling&t=pnr9zvxv 404 in 12ms
 POST /__nextjs_original-stack-frames 404 in 11ms
 GET /socket.io?EIO=4&transport=polling&t=pnvwmu68 404 in 11ms
 POST /__nextjs_original-stack-frames 404 in 12ms
 GET /socket.io?EIO=4&transport=polling&t=po0ja48g 404 in 13ms
 POST /__nextjs_original-stack-frames 404 in 12ms
 GET /socket.io?EIO=4&transport=polling&t=po55ynwn 404 in 12ms
 POST /__nextjs_original-stack-frames 404 in 12ms
 GET /socket.io?EIO=4&transport=polling&t=po9smmf1 404 in 12ms
 POST /__nextjs_original-stack-frames 404 in 11ms
 GET /socket.io?EIO=4&transport=polling&t=poefaahu 404 in 12ms
 POST /__nextjs_original-stack-frames 404 in 12ms
 GET /socket.io?EIO=4&transport=polling&t=poj1y76m 404 in 12ms
 POST /__nextjs_original-stack-frames 404 in 11ms
 GET /socket.io?EIO=4&transport=polling&t=ponomzdb 404 in 12ms
 POST /__nextjs_original-stack-frames 404 in 10ms
 GET /socket.io?EIO=4&transport=polling&t=posbaa3n 404 in 12ms
 POST /__nextjs_original-stack-frames 404 in 11ms
 GET /socket.io?EIO=4&transport=polling&t=powxxs91 404 in 12ms
 POST /__nextjs_original-stack-frames 404 in 12ms
 GET /socket.io?EIO=4&transport=polling&t=pp1km4yj 404 in 12ms
 POST /__nextjs_original-stack-frames 404 in 12ms
 GET /socket.io?EIO=4&transport=polling&t=pp679xm2 404 in 11ms
 POST /__nextjs_original-stack-frames 404 in 11ms
 GET /socket.io?EIO=4&transport=polling&t=ppaty8fo 404 in 12ms
 POST /__nextjs_original-stack-frames 404 in 11ms
 GET /socket.io?EIO=4&transport=polling&t=ppfgm258 404 in 12ms
 POST /__nextjs_original-stack-frames 404 in 11ms
 GET /socket.io?EIO=4&transport=polling&t=ppk39w0r 404 in 12ms
 POST /__nextjs_original-stack-frames 404 in 12ms
 GET /socket.io?EIO=4&transport=polling&t=ppopxmql 404 in 12ms
 POST /__nextjs_original-stack-frames 404 in 13ms
 GET /socket.io?EIO=4&transport=polling&t=pptclp5u 404 in 12ms
 POST /__nextjs_original-stack-frames 404 in 12ms
 GET /socket.io?EIO=4&transport=polling&t=ppxz9v5q 404 in 11ms
 POST /__nextjs_original-stack-frames 404 in 12ms
 GET /socket.io?EIO=4&transport=polling&t=pq2lxvzp 404 in 12ms
 POST /__nextjs_original-stack-frames 404 in 12ms
 GET /socket.io?EIO=4&transport=polling&t=pq78l61g 404 in 11ms
 POST /__nextjs_original-stack-frames 404 in 12ms
 GET /socket.io?EIO=4&transport=polling&t=pqbv9lp3 404 in 13ms
 POST /__nextjs_original-stack-frames 404 in 11ms
 GET /socket.io?EIO=4&transport=polling&t=pqghxsmj 404 in 12ms
 POST /__nextjs_original-stack-frames 404 in 12ms
 GET /socket.io?EIO=4&transport=polling&t=pql4lrpf 404 in 13ms
 POST /__nextjs_original-stack-frames 404 in 11ms
 GET /socket.io?EIO=4&transport=polling&t=pqpr9okw 404 in 11ms
 POST /__nextjs_original-stack-frames 404 in 9ms
 GET /socket.io?EIO=4&transport=polling&t=pqudx82j 404 in 11ms
 POST /__nextjs_original-stack-frames 404 in 11ms
 GET /socket.io?EIO=4&transport=polling&t=pqz0k7xh 404 in 12ms
 POST /__nextjs_original-stack-frames 404 in 10ms
 GET /socket.io?EIO=4&transport=polling&t=pr3n9p1r 404 in 12ms
 POST /__nextjs_original-stack-frames 404 in 11ms
 GET /socket.io?EIO=4&transport=polling&t=pr89wpq0 404 in 12ms
 POST /__nextjs_original-stack-frames 404 in 13ms
 GET /socket.io?EIO=4&transport=polling&t=prcwkr7e 404 in 12ms
 POST /__nextjs_original-stack-frames 404 in 10ms
 GET /socket.io?EIO=4&transport=polling&t=prhj8d3u 404 in 12ms
 POST /__nextjs_original-stack-frames 404 in 10ms
 GET /socket.io?EIO=4&transport=polling&t=prm5w93b 404 in 12ms
 POST /__nextjs_original-stack-frames 404 in 12ms
 GET /socket.io?EIO=4&transport=polling&t=prqskf1z 404 in 11ms
 POST /__nextjs_original-stack-frames 404 in 12ms
 GET /socket.io?EIO=4&transport=polling&t=prvf8syf 404 in 11ms
 POST /__nextjs_original-stack-frames 404 in 11ms
 GET /socket.io?EIO=4&transport=polling&t=ps01w80y 404 in 11ms
 POST /__nextjs_original-stack-frames 404 in 12ms
 GET /socket.io?EIO=4&transport=polling&t=ps4okoae 404 in 12ms
 POST /__nextjs_original-stack-frames 404 in 10ms
 GET /socket.io?EIO=4&transport=polling&t=ps9b85jc 404 in 10ms
 POST /__nextjs_original-stack-frames 404 in 12ms
 GET /socket.io?EIO=4&transport=polling&t=psdxvn32 404 in 12ms
 POST /__nextjs_original-stack-frames 404 in 12ms
 GET /socket.io?EIO=4&transport=polling&t=psikkbm6 404 in 13ms
 POST /__nextjs_original-stack-frames 404 in 12ms
 GET /socket.io?EIO=4&transport=polling&t=psn78w3r 404 in 13ms
 POST /__nextjs_original-stack-frames 404 in 12ms
 GET /socket.io?EIO=4&transport=polling&t=psrtxnz0 404 in 10ms
 POST /__nextjs_original-stack-frames 404 in 12ms
 GET /socket.io?EIO=4&transport=polling&t=pswglpom 404 in 13ms
 POST /__nextjs_original-stack-frames 404 in 12ms
 GET /socket.io?EIO=4&transport=polling&t=pt13849o 404 in 13ms
 POST /__nextjs_original-stack-frames 404 in 10ms
 GET /socket.io?EIO=4&transport=polling&t=pt5pwmat 404 in 10ms
 POST /__nextjs_original-stack-frames 404 in 11ms
 GET /socket.io?EIO=4&transport=polling&t=ptackihg 404 in 12ms
 POST /__nextjs_original-stack-frames 404 in 9ms
 GET /socket.io?EIO=4&transport=polling&t=ptez872k 404 in 12ms
 POST /__nextjs_original-stack-frames 404 in 12ms
 GET /socket.io?EIO=4&transport=polling&t=ptjlvu5c 404 in 10ms
 POST /__nextjs_original-stack-frames 404 in 9ms
 GET /socket.io?EIO=4&transport=polling&t=pto8iuap 404 in 13ms
 POST /__nextjs_original-stack-frames 404 in 10ms
 GET /socket.io?EIO=4&transport=polling&t=ptsv7mf3 404 in 12ms
 POST /__nextjs_original-stack-frames 404 in 9ms
 GET /socket.io?EIO=4&transport=polling&t=ptxhw1m9 404 in 11ms
 POST /__nextjs_original-stack-frames 404 in 10ms
 GET /socket.io?EIO=4&transport=polling&t=pu24k63t 404 in 13ms
 POST /__nextjs_original-stack-frames 404 in 13ms
 GET /socket.io?EIO=4&transport=polling&t=pu6r8ka8 404 in 12ms
 POST /__nextjs_original-stack-frames 404 in 13ms
 GET /socket.io?EIO=4&transport=polling&t=pubdv7r0 404 in 13ms
 POST /__nextjs_original-stack-frames 404 in 12ms
 GET /socket.io?EIO=4&transport=polling&t=pug0jgtr 404 in 13ms
 POST /__nextjs_original-stack-frames 404 in 12ms
 GET /socket.io?EIO=4&transport=polling&t=pukn73df 404 in 14ms
 GET /socket.io?EIO=4&transport=polling&t=puknslna 404 in 18ms
 POST /__nextjs_original-stack-frames 404 in 18ms
 POST /__nextjs_original-stack-frames 404 in 9ms
 GET /socket.io?EIO=4&transport=polling&t=pup9wr9c 404 in 13ms
 GET /socket.io?EIO=4&transport=polling&t=pupahvg7 404 in 16ms
 POST /__nextjs_original-stack-frames 404 in 17ms
 POST /__nextjs_original-stack-frames 404 in 7ms
 GET /socket.io?EIO=4&transport=polling&t=putwjea2 404 in 11ms
 POST /__nextjs_original-stack-frames 404 in 9ms
 GET /socket.io?EIO=4&transport=polling&t=puyj77x6 404 in 12ms
 POST /__nextjs_original-stack-frames 404 in 10ms
 GET /socket.io?EIO=4&transport=polling&t=pv35vu9x 404 in 13ms
 GET /socket.io?EIO=4&transport=polling&t=pv36gjnj 404 in 18ms
 POST /__nextjs_original-stack-frames 404 in 16ms
 POST /__nextjs_original-stack-frames 404 in 10ms
 GET /socket.io?EIO=4&transport=polling&t=pv7sjaaj 404 in 12ms
 POST /__nextjs_original-stack-frames 404 in 10ms
 GET /socket.io?EIO=4&transport=polling&t=pvcf78wf 404 in 11ms
 POST /__nextjs_original-stack-frames 404 in 11ms
 GET /socket.io?EIO=4&transport=polling&t=pvh1v332 404 in 12ms
 POST /__nextjs_original-stack-frames 404 in 15ms
 GET /socket.io?EIO=4&transport=polling&t=pvh2fagd 404 in 18ms
 POST /__nextjs_original-stack-frames 404 in 13ms
 GET /socket.io?EIO=4&transport=polling&t=pvh3pwzl 404 in 15ms
 POST /__nextjs_original-stack-frames 404 in 10ms
 GET /socket.io?EIO=4&transport=polling&t=pvh4w0dm 404 in 10ms
 GET /socket.io?EIO=4&transport=polling&t=pvh60b6w 404 in 11ms
 POST /__nextjs_original-stack-frames 404 in 10ms
 GET /socket.io?EIO=4&transport=polling&t=pvh72aoi 404 in 10ms
 POST /__nextjs_original-stack-frames 404 in 9ms
 POST /__nextjs_original-stack-frames 404 in 9ms
 GET /socket.io?EIO=4&transport=polling&t=pvh8cj5a 404 in 10ms
 POST /__nextjs_original-stack-frames 404 in 6ms
 GET /socket.io?EIO=4&transport=polling&t=pvlojixn 404 in 13ms
 POST /__nextjs_original-stack-frames 404 in 11ms
 GET /socket.io?EIO=4&transport=polling&t=pvqb5nl9 404 in 11ms
 POST /__nextjs_original-stack-frames 404 in 10ms
 GET /socket.io?EIO=4&transport=polling&t=pvuxtfmc 404 in 12ms
 POST /__nextjs_original-stack-frames 404 in 11ms
 GET /socket.io?EIO=4&transport=polling&t=pvzkhxlu 404 in 12ms
 GET /socket.io?EIO=4&transport=polling&t=pvzl14qo 404 in 18ms
 POST /__nextjs_original-stack-frames 404 in 17ms
 GET /socket.io?EIO=4&transport=polling&t=pvzmap9x 404 in 15ms
 POST /__nextjs_original-stack-frames 404 in 14ms
 POST /__nextjs_original-stack-frames 404 in 8ms
 GET /socket.io?EIO=4&transport=polling&t=pw475u0i 404 in 11ms
 GET /socket.io?EIO=4&transport=polling&t=pw47ovfe 404 in 17ms
 POST /__nextjs_original-stack-frames 404 in 16ms
 GET /socket.io?EIO=4&transport=polling&t=pw48x7gd 404 in 15ms
 POST /__nextjs_original-stack-frames 404 in 14ms
 POST /__nextjs_original-stack-frames 404 in 10ms
 GET /socket.io?EIO=4&transport=polling&t=pw4a78l3 404 in 11ms
 POST /__nextjs_original-stack-frames 404 in 6ms
 GET /socket.io?EIO=4&transport=polling&t=pw8ttg61 404 in 12ms
 POST /__nextjs_original-stack-frames 404 in 9ms
 GET /socket.io?EIO=4&transport=polling&t=pwdgi7ka 404 in 12ms
 GET /socket.io?EIO=4&transport=polling&t=pwdh1qlx 404 in 19ms
 POST /__nextjs_original-stack-frames 404 in 17ms
 GET /socket.io?EIO=4&transport=polling&t=pwdi9iav 404 in 10ms
 POST /__nextjs_original-stack-frames 404 in 9ms
 GET /socket.io?EIO=4&transport=polling&t=pwdjbkoc 404 in 10ms
 POST /__nextjs_original-stack-frames 404 in 9ms
 POST /__nextjs_original-stack-frames 404 in 4ms
 GET /socket.io?EIO=4&transport=polling&t=pwi35mm3 404 in 10ms
 POST /__nextjs_original-stack-frames 404 in 9ms
 GET /socket.io?EIO=4&transport=polling&t=pwmptlxe 404 in 12ms
 POST /__nextjs_original-stack-frames 404 in 11ms
 GET /socket.io?EIO=4&transport=polling&t=pwrchgan 404 in 12ms
 POST /__nextjs_original-stack-frames 404 in 11ms
 GET /socket.io?EIO=4&transport=polling&t=pwvz50tu 404 in 11ms
 POST /__nextjs_original-stack-frames 404 in 11ms
 GET /socket.io?EIO=4&transport=polling&t=px0lt9cb 404 in 12ms
 GET /socket.io?EIO=4&transport=polling&t=px0mcc62 404 in 20ms
 POST /__nextjs_original-stack-frames 404 in 18ms
 POST /__nextjs_original-stack-frames 404 in 12ms
 GET /socket.io?EIO=4&transport=polling&t=px0nn27o 404 in 12ms
 POST /__nextjs_original-stack-frames 404 in 6ms
 GET /socket.io?EIO=4&transport=polling&t=px58giiw 404 in 11ms
 POST /__nextjs_original-stack-frames 404 in 13ms
 GET /socket.io?EIO=4&transport=polling&t=px9v4f9q 404 in 14ms
 POST /__nextjs_original-stack-frames 404 in 9ms
 GET /socket.io?EIO=4&transport=polling&t=pxehste1 404 in 12ms
 GET /socket.io?EIO=4&transport=polling&t=pxeibeou 404 in 19ms
 POST /__nextjs_original-stack-frames 404 in 18ms
 POST /__nextjs_original-stack-frames 404 in 5ms
 GET /socket.io?EIO=4&transport=polling&t=pxj4g6tv 404 in 11ms
 POST /__nextjs_original-stack-frames 404 in 12ms
 GET /socket.io?EIO=4&transport=polling&t=pxnr4b0t 404 in 14ms
 POST /__nextjs_original-stack-frames 404 in 13ms
 GET /socket.io?EIO=4&transport=polling&t=pxsdtkx2 404 in 12ms
 GET /socket.io?EIO=4&transport=polling&t=pxsedpwh 404 in 17ms
 POST /__nextjs_original-stack-frames 404 in 17ms
 POST /__nextjs_original-stack-frames 404 in 10ms
 GET /socket.io?EIO=4&transport=polling&t=pxx0gx96 404 in 11ms
 GET /socket.io?EIO=4&transport=polling&t=pxx0y8fj 404 in 17ms
 POST /__nextjs_original-stack-frames 404 in 16ms
 POST /__nextjs_original-stack-frames 404 in 11ms
 GET /socket.io?EIO=4&transport=polling&t=pxx29ie5 404 in 12ms
 POST /__nextjs_original-stack-frames 404 in 6ms
 GET /socket.io?EIO=4&transport=polling&t=py1n4kzl 404 in 12ms
 POST /__nextjs_original-stack-frames 404 in 11ms
 GET /socket.io?EIO=4&transport=polling&t=py69s84a 404 in 12ms
 POST /__nextjs_original-stack-frames 404 in 11ms
 GET /socket.io?EIO=4&transport=polling&t=pyawgrxt 404 in 12ms
 POST /__nextjs_original-stack-frames 404 in 16ms
 GET /socket.io?EIO=4&transport=polling&t=pyawz0cl 404 in 18ms
 GET /socket.io?EIO=4&transport=polling&t=pyay8alp 404 in 15ms
 POST /__nextjs_original-stack-frames 404 in 14ms
 POST /__nextjs_original-stack-frames 404 in 11ms
 GET /socket.io?EIO=4&transport=polling&t=pyazhnqw 404 in 13ms
 GET /socket.io?EIO=4&transport=polling&t=pyb0rcqj 404 in 11ms
 POST /__nextjs_original-stack-frames 404 in 10ms
 GET /socket.io?EIO=4&transport=polling&t=pyb20qc1 404 in 9ms
 POST /__nextjs_original-stack-frames 404 in 10ms
 GET /socket.io?EIO=4&transport=polling&t=pyb35jkb 404 in 10ms
 POST /__nextjs_original-stack-frames 404 in 9ms
 POST /__nextjs_original-stack-frames 404 in 7ms
 GET /socket.io?EIO=4&transport=polling&t=pyfj4a3d 404 in 11ms
 POST /__nextjs_original-stack-frames 404 in 13ms
 GET /socket.io?EIO=4&transport=polling&t=pyk5s6hd 404 in 12ms
 GET /socket.io?EIO=4&transport=polling&t=pyk6cdlu 404 in 19ms
 POST /__nextjs_original-stack-frames 404 in 19ms
 POST /__nextjs_original-stack-frames 404 in 9ms
 GET /socket.io?EIO=4&transport=polling&t=pyosg2l1 404 in 11ms
 GET /socket.io?EIO=4&transport=polling&t=pyoszvxt 404 in 18ms
 POST /__nextjs_original-stack-frames 404 in 17ms
 GET /socket.io?EIO=4&transport=polling&t=pyouc1xs 404 in 14ms
 POST /__nextjs_original-stack-frames 404 in 13ms
 POST /__nextjs_original-stack-frames 404 in 10ms
 GET /socket.io?EIO=4&transport=polling&t=pyovk8d4 404 in 11ms
 GET /socket.io?EIO=4&transport=polling&t=pyowqmvy 404 in 11ms
 POST /__nextjs_original-stack-frames 404 in 11ms
 GET /socket.io?EIO=4&transport=polling&t=pyoxwnfe 404 in 10ms
 POST /__nextjs_original-stack-frames 404 in 9ms
 POST /__nextjs_original-stack-frames 404 in 6ms
 GET /socket.io?EIO=4&transport=polling&t=pytf4o20 404 in 13ms
 GET /socket.io?EIO=4&transport=polling&t=pytfp2ni 404 in 19ms
 POST /__nextjs_original-stack-frames 404 in 18ms
 POST /__nextjs_original-stack-frames 404 in 8ms
 GET /socket.io?EIO=4&transport=polling&t=pyth0faq 404 in 10ms
 GET /socket.io?EIO=4&transport=polling&t=pyti1c4g 404 in 10ms
 POST /__nextjs_original-stack-frames 404 in 9ms
 POST /__nextjs_original-stack-frames 404 in 5ms
 GET /socket.io?EIO=4&transport=polling&t=pyy1sy4f 404 in 12ms
 GET /socket.io?EIO=4&transport=polling&t=pyy2bjq1 404 in 18ms
 POST /__nextjs_original-stack-frames 404 in 17ms
 POST /__nextjs_original-stack-frames 404 in 11ms
 GET /socket.io?EIO=4&transport=polling&t=pz2ogpjs 404 in 11ms
 GET /socket.io?EIO=4&transport=polling&t=pz2oz955 404 in 18ms
 POST /__nextjs_original-stack-frames 404 in 17ms
 GET /socket.io?EIO=4&transport=polling&t=pz2q883l 404 in 13ms
 POST /__nextjs_original-stack-frames 404 in 12ms
 POST /__nextjs_original-stack-frames 404 in 8ms
 GET /socket.io?EIO=4&transport=polling&t=pz7b4mqm 404 in 12ms
 POST /__nextjs_original-stack-frames 404 in 11ms
 GET /socket.io?EIO=4&transport=polling&t=pzbxr75a 404 in 13ms
 GET /socket.io?EIO=4&transport=polling&t=pzbycn0r 404 in 11ms
 POST /__nextjs_original-stack-frames 404 in 11ms
 POST /__nextjs_original-stack-frames 404 in 9ms
 GET /socket.io?EIO=4&transport=polling&t=pzbzcvx0 404 in 10ms
 POST /__nextjs_original-stack-frames 404 in 6ms
 GET /socket.io?EIO=4&transport=polling&t=pzgkgb27 404 in 11ms
 GET /socket.io?EIO=4&transport=polling&t=pzgkyg3i 404 in 17ms
 POST /__nextjs_original-stack-frames 404 in 16ms
 GET /socket.io?EIO=4&transport=polling&t=pzgm8tf2 404 in 15ms
 POST /__nextjs_original-stack-frames 404 in 14ms
 POST /__nextjs_original-stack-frames 404 in 8ms
 GET /socket.io?EIO=4&transport=polling&t=pzl73t3v 404 in 11ms
 POST /__nextjs_original-stack-frames 404 in 10ms
 GET /socket.io?EIO=4&transport=polling&t=pzptrtul 404 in 12ms
 GET /socket.io?EIO=4&transport=polling&t=pzpuapx9 404 in 17ms
 POST /__nextjs_original-stack-frames 404 in 16ms
 GET /socket.io?EIO=4&transport=polling&t=pzpvistd 404 in 14ms
 POST /__nextjs_original-stack-frames 404 in 13ms
 GET /socket.io?EIO=4&transport=polling&t=pzpwtvsa 404 in 12ms
 POST /__nextjs_original-stack-frames 404 in 11ms
 POST /__nextjs_original-stack-frames 404 in 10ms
 GET /socket.io?EIO=4&transport=polling&t=pzpy7det 404 in 11ms
 GET /socket.io?EIO=4&transport=polling&t=pzpzfc6b 404 in 11ms
 POST /__nextjs_original-stack-frames 404 in 10ms
 POST /__nextjs_original-stack-frames 404 in 6ms
 GET /socket.io?EIO=4&transport=polling&t=pzugg3tl 404 in 12ms
 POST /__nextjs_original-stack-frames 404 in 16ms
 GET /socket.io?EIO=4&transport=polling&t=pzugzls5 404 in 19ms
 GET /socket.io?EIO=4&transport=polling&t=pzui95ra 404 in 14ms
 POST /__nextjs_original-stack-frames 404 in 13ms
 POST /__nextjs_original-stack-frames 404 in 7ms
 GET /socket.io?EIO=4&transport=polling&t=pzz33n8y 404 in 10ms
 GET /socket.io?EIO=4&transport=polling&t=pzz3lja4 404 in 17ms
 POST /__nextjs_original-stack-frames 404 in 16ms
 POST /__nextjs_original-stack-frames 404 in 9ms
 GET /socket.io?EIO=4&transport=polling&t=q03pr4mp 404 in 12ms
 GET /socket.io?EIO=4&transport=polling&t=q03qa7pl 404 in 17ms
 POST /__nextjs_original-stack-frames 404 in 17ms
 GET /socket.io?EIO=4&transport=polling&t=q03rlwfx 404 in 15ms
 POST /__nextjs_original-stack-frames 404 in 13ms
 GET /socket.io?EIO=4&transport=polling&t=q03t08dk 404 in 12ms
 POST /__nextjs_original-stack-frames 404 in 11ms
 GET /socket.io?EIO=4&transport=polling&t=q03ufnmj 404 in 12ms
 POST /__nextjs_original-stack-frames 404 in 10ms
 GET /socket.io?EIO=4&transport=polling&t=q03vgxd1 404 in 11ms
 POST /__nextjs_original-stack-frames 404 in 10ms
 POST /__nextjs_original-stack-frames 404 in 9ms
 GET /socket.io?EIO=4&transport=polling&t=q03wgc63 404 in 10ms
 GET /socket.io?EIO=4&transport=polling&t=q03ximhd 404 in 8ms
 POST /__nextjs_original-stack-frames 404 in 8ms
 POST /__nextjs_original-stack-frames 404 in 5ms
 GET /socket.io?EIO=4&transport=polling&t=q08cewya 404 in 10ms
 GET /socket.io?EIO=4&transport=polling&t=q08cy8cr 404 in 17ms
 POST /__nextjs_original-stack-frames 404 in 16ms
 POST /__nextjs_original-stack-frames 404 in 13ms
 GET /socket.io?EIO=4&transport=polling&t=q08e5qcz 404 in 14ms
 GET /socket.io?EIO=4&transport=polling&t=q08fi85j 404 in 12ms
 POST /__nextjs_original-stack-frames 404 in 12ms
 POST /__nextjs_original-stack-frames 404 in 7ms
 GET /socket.io?EIO=4&transport=polling&t=q0cz3zms 404 in 12ms
 GET /socket.io?EIO=4&transport=polling&t=q0czmfjk 404 in 16ms
 POST /__nextjs_original-stack-frames 404 in 15ms
 POST /__nextjs_original-stack-frames 404 in 9ms
 GET /socket.io?EIO=4&transport=polling&t=q0hlry47 404 in 12ms
 GET /socket.io?EIO=4&transport=polling&t=q0hmbjuv 404 in 17ms
 POST /__nextjs_original-stack-frames 404 in 15ms
 POST /__nextjs_original-stack-frames 404 in 13ms
 GET /socket.io?EIO=4&transport=polling&t=q0hnl7h6 404 in 15ms
 POST /__nextjs_original-stack-frames 404 in 8ms
 GET /socket.io?EIO=4&transport=polling&t=q0m8fnj0 404 in 11ms
 POST /__nextjs_original-stack-frames 404 in 12ms
 GET /socket.io?EIO=4&transport=polling&t=q0qv3aj5 404 in 11ms
 POST /__nextjs_original-stack-frames 404 in 11ms
 GET /socket.io?EIO=4&transport=polling&t=q0vhqi9h 404 in 12ms
 GET /socket.io?EIO=4&transport=polling&t=q0viaerl 404 in 17ms
 POST /__nextjs_original-stack-frames 404 in 15ms
 POST /__nextjs_original-stack-frames 404 in 14ms
 GET /socket.io?EIO=4&transport=polling&t=q0vjj4cd 404 in 15ms
 POST /__nextjs_original-stack-frames 404 in 9ms
 GET /socket.io?EIO=4&transport=polling&t=q104eyb3 404 in 13ms
 POST /__nextjs_original-stack-frames 404 in 16ms
 GET /socket.io?EIO=4&transport=polling&t=q104y8a3 404 in 18ms
 GET /socket.io?EIO=4&transport=polling&t=q1064uw5 404 in 11ms
 POST /__nextjs_original-stack-frames 404 in 10ms
 POST /__nextjs_original-stack-frames 404 in 6ms
 GET /socket.io?EIO=4&transport=polling&t=q14r194k 404 in 12ms
 GET /socket.io?EIO=4&transport=polling&t=q14rlh41 404 in 17ms
 POST /__nextjs_original-stack-frames 404 in 17ms
 POST /__nextjs_original-stack-frames 404 in 13ms
 GET /socket.io?EIO=4&transport=polling&t=q14szi86 404 in 15ms
 GET /socket.io?EIO=4&transport=polling&t=q14uf8nv 404 in 12ms
 POST /__nextjs_original-stack-frames 404 in 11ms
 GET /socket.io?EIO=4&transport=polling&t=q14vrg68 404 in 11ms
 POST /__nextjs_original-stack-frames 404 in 11ms
 POST /__nextjs_original-stack-frames 404 in 12ms
 GET /socket.io?EIO=4&transport=polling&t=q14x1vm2 404 in 12ms
 GET /socket.io?EIO=4&transport=polling&t=q14yo0qp 404 in 10ms
 POST /__nextjs_original-stack-frames 404 in 10ms
 GET /socket.io?EIO=4&transport=polling&t=q14zq251 404 in 11ms
 POST /__nextjs_original-stack-frames 404 in 9ms
 GET /socket.io?EIO=4&transport=polling&t=q150qj77 404 in 10ms
 POST /__nextjs_original-stack-frames 404 in 8ms
 GET /socket.io?EIO=4&transport=polling&t=q151s41a 404 in 10ms
 POST /__nextjs_original-stack-frames 404 in 10ms
 POST /__nextjs_original-stack-frames 404 in 6ms
 GET /socket.io?EIO=4&transport=polling&t=q19dqu90 404 in 11ms
 POST /__nextjs_original-stack-frames 404 in 15ms
 GET /socket.io?EIO=4&transport=polling&t=q19e9tt0 404 in 17ms
 POST /__nextjs_original-stack-frames 404 in 9ms
 GET /socket.io?EIO=4&transport=polling&t=q1e0ezi2 404 in 11ms
 POST /__nextjs_original-stack-frames 404 in 10ms
 GET /socket.io?EIO=4&transport=polling&t=q1in2sjk 404 in 12ms
 POST /__nextjs_original-stack-frames 404 in 11ms
 GET /socket.io?EIO=4&transport=polling&t=q1n9qr56 404 in 11ms
 POST /__nextjs_original-stack-frames 404 in 12ms
 GET /socket.io?EIO=4&transport=polling&t=q1rwegbk 404 in 13ms
 POST /__nextjs_original-stack-frames 404 in 10ms
 GET /socket.io?EIO=4&transport=polling&t=q1wj2ee0 404 in 11ms
 POST /__nextjs_original-stack-frames 404 in 11ms
 GET /socket.io?EIO=4&transport=polling&t=q215q0os 404 in 12ms
 GET /socket.io?EIO=4&transport=polling&t=q216aqmf 404 in 18ms
 POST /__nextjs_original-stack-frames 404 in 16ms
 POST /__nextjs_original-stack-frames 404 in 14ms
 GET /socket.io?EIO=4&transport=polling&t=q217pvzl 404 in 15ms
 POST /__nextjs_original-stack-frames 404 in 8ms
 GET /socket.io?EIO=4&transport=polling&t=q25sdbwp 404 in 12ms
 GET /socket.io?EIO=4&transport=polling&t=q25sxi1a 404 in 17ms
 POST /__nextjs_original-stack-frames 404 in 16ms
 POST /__nextjs_original-stack-frames 404 in 14ms
 GET /socket.io?EIO=4&transport=polling&t=q25ucrzt 404 in 14ms
 GET /socket.io?EIO=4&transport=polling&t=q25vp4in 404 in 12ms
 POST /__nextjs_original-stack-frames 404 in 11ms
 GET /socket.io?EIO=4&transport=polling&t=q25x1tr7 404 in 11ms
 POST /__nextjs_original-stack-frames 404 in 11ms
 GET /socket.io?EIO=4&transport=polling&t=q25y310d 404 in 10ms
 POST /__nextjs_original-stack-frames 404 in 10ms
 POST /__nextjs_original-stack-frames 404 in 8ms
 GET /socket.io?EIO=4&transport=polling&t=q25z6731 404 in 10ms
 GET /socket.io?EIO=4&transport=polling&t=q26070bb 404 in 9ms
 POST /__nextjs_original-stack-frames 404 in 8ms
 POST /__nextjs_original-stack-frames 404 in 6ms
 GET /socket.io?EIO=4&transport=polling&t=q2af2bvg 404 in 11ms
 POST /__nextjs_original-stack-frames 404 in 12ms
 GET /socket.io?EIO=4&transport=polling&t=q2f1pgtu 404 in 12ms
 GET /socket.io?EIO=4&transport=polling&t=q2f29a4f 404 in 19ms
 POST /__nextjs_original-stack-frames 404 in 17ms
 GET /socket.io?EIO=4&transport=polling&t=q2f3l34f 404 in 13ms
 POST /__nextjs_original-stack-frames 404 in 12ms
 POST /__nextjs_original-stack-frames 404 in 9ms
 GET /socket.io?EIO=4&transport=polling&t=q2joesh8 404 in 12ms
 GET /socket.io?EIO=4&transport=polling&t=q2joy2cx 404 in 16ms
 POST /__nextjs_original-stack-frames 404 in 16ms
 GET /socket.io?EIO=4&transport=polling&t=q2jq5x6v 404 in 13ms
 POST /__nextjs_original-stack-frames 404 in 13ms
 GET /socket.io?EIO=4&transport=polling&t=q2jrcns4 404 in 11ms
 POST /__nextjs_original-stack-frames 404 in 10ms
 GET /socket.io?EIO=4&transport=polling&t=q2jsgyf8 404 in 10ms
 POST /__nextjs_original-stack-frames 404 in 9ms
 GET /socket.io?EIO=4&transport=polling&t=q2jtggum 404 in 10ms
 POST /__nextjs_original-stack-frames 404 in 6ms
 POST /__nextjs_original-stack-frames 404 in 6ms
 GET /socket.io?EIO=4&transport=polling&t=q2ob28vl 404 in 7ms
 POST /__nextjs_original-stack-frames 404 in 10ms
 GET /socket.io?EIO=4&transport=polling&t=q2sxq6fd 404 in 10ms
 POST /__nextjs_original-stack-frames 404 in 11ms
 GET /socket.io?EIO=4&transport=polling&t=q2xkdyt7 404 in 10ms
 GET /socket.io?EIO=4&transport=polling&t=q2xksszr 404 in 17ms
 POST /__nextjs_original-stack-frames 404 in 15ms
 GET /socket.io?EIO=4&transport=polling&t=q2xlrb15 404 in 16ms
 POST /__nextjs_original-stack-frames 404 in 16ms
 GET /socket.io?EIO=4&transport=polling&t=q2xmodqx 404 in 15ms
 POST /__nextjs_original-stack-frames 404 in 14ms
 POST /__nextjs_original-stack-frames 404 in 9ms
 GET /socket.io?EIO=4&transport=polling&t=q3271mpt 404 in 14ms
 GET /socket.io?EIO=4&transport=polling&t=q327mbv9 404 in 19ms
 POST /__nextjs_original-stack-frames 404 in 18ms
 POST /__nextjs_original-stack-frames 404 in 17ms
 GET /socket.io?EIO=4&transport=polling&t=q328zw0a 404 in 18ms
 GET /socket.io?EIO=4&transport=polling&t=q32a9z2n 404 in 17ms
 POST /__nextjs_original-stack-frames 404 in 17ms
 POST /__nextjs_original-stack-frames 404 in 10ms
 GET /socket.io?EIO=4&transport=polling&t=q36tp8hx 404 in 11ms
 GET /socket.io?EIO=4&transport=polling&t=q36u8slf 404 in 16ms
 POST /__nextjs_original-stack-frames 404 in 16ms
 POST /__nextjs_original-stack-frames 404 in 14ms
 GET /socket.io?EIO=4&transport=polling&t=q36vlpzc 404 in 16ms
 POST /__nextjs_original-stack-frames 404 in 9ms
 GET /socket.io?EIO=4&transport=polling&t=q3bgdm3b 404 in 11ms
 POST /__nextjs_original-stack-frames 404 in 14ms
 GET /socket.io?EIO=4&transport=polling&t=q3bgwznv 404 in 17ms
 POST /__nextjs_original-stack-frames 404 in 11ms
 GET /socket.io?EIO=4&transport=polling&t=q3g3021f 404 in 12ms
 POST /__nextjs_original-stack-frames 404 in 7ms
 GET /socket.io?EIO=4&transport=polling&t=q3kpp4ev 404 in 11ms
 GET /socket.io?EIO=4&transport=polling&t=q3kq7ytg 404 in 16ms
 POST /__nextjs_original-stack-frames 404 in 15ms
 POST /__nextjs_original-stack-frames 404 in 8ms
 GET /socket.io?EIO=4&transport=polling&t=q3pcdr7w 404 in 11ms
 POST /__nextjs_original-stack-frames 404 in 8ms
 GET /socket.io?EIO=4&transport=polling&t=q3tz1gtv 404 in 9ms
 POST /__nextjs_original-stack-frames 404 in 11ms
 GET /socket.io?EIO=4&transport=polling&t=q3ylpx67 404 in 11ms
 POST /__nextjs_original-stack-frames 404 in 9ms
 GET /socket.io?EIO=4&transport=polling&t=q438ddzf 404 in 11ms
 GET /socket.io?EIO=4&transport=polling&t=q438w5hq 404 in 16ms
 POST /__nextjs_original-stack-frames 404 in 15ms
 POST /__nextjs_original-stack-frames 404 in 11ms
 GET /socket.io?EIO=4&transport=polling&t=q47v02lc 404 in 12ms
 GET /socket.io?EIO=4&transport=polling&t=q47vl0is 404 in 17ms
 POST /__nextjs_original-stack-frames 404 in 15ms
 POST /__nextjs_original-stack-frames 404 in 11ms
 GET /socket.io?EIO=4&transport=polling&t=q4chpp1s 404 in 11ms
 POST /__nextjs_original-stack-frames 404 in 13ms
 GET /socket.io?EIO=4&transport=polling&t=q4h4co8n 404 in 12ms
 GET /socket.io?EIO=4&transport=polling&t=q4h4wvf1 404 in 16ms
 POST /__nextjs_original-stack-frames 404 in 14ms
 POST /__nextjs_original-stack-frames 404 in 9ms
 GET /socket.io?EIO=4&transport=polling&t=q4lqzxhb 404 in 12ms
 GET /socket.io?EIO=4&transport=polling&t=q4lrj242 404 in 13ms
 POST /__nextjs_original-stack-frames 404 in 13ms
 GET /socket.io?EIO=4&transport=polling&t=q4lsfltq 404 in 10ms
 POST /__nextjs_original-stack-frames 404 in 10ms
 GET /socket.io?EIO=4&transport=polling&t=q4lt2hxx 404 in 6ms
 POST /__nextjs_original-stack-frames 404 in 6ms
 POST /__nextjs_original-stack-frames 404 in 3ms
 GET /socket.io?EIO=4&transport=polling&t=q4qdo8rc 404 in 8ms
 GET /socket.io?EIO=4&transport=polling&t=q4qe2u0r 404 in 12ms
 POST /__nextjs_original-stack-frames 404 in 11ms
 POST /__nextjs_original-stack-frames 404 in 6ms
 GET /socket.io?EIO=4&transport=polling&t=q4v0c4fo 404 in 12ms
 POST /__nextjs_original-stack-frames 404 in 11ms
 GET /socket.io?EIO=4&transport=polling&t=q4zn0xjk 404 in 11ms
 POST /__nextjs_original-stack-frames 404 in 11ms
 GET /socket.io?EIO=4&transport=polling&t=q549ox9q 404 in 12ms
 POST /__nextjs_original-stack-frames 404 in 8ms
 GET /socket.io?EIO=4&transport=polling&t=q58wc8el 404 in 10ms
 POST /__nextjs_original-stack-frames 404 in 11ms
 GET /socket.io?EIO=4&transport=polling&t=q5dizju1 404 in 13ms
 POST /__nextjs_original-stack-frames 404 in 10ms
 GET /socket.io?EIO=4&transport=polling&t=q5i5n9sw 404 in 11ms
 GET /socket.io?EIO=4&transport=polling&t=q5i65hjz 404 in 17ms
 POST /__nextjs_original-stack-frames 404 in 17ms
 POST /__nextjs_original-stack-frames 404 in 8ms
 GET /socket.io?EIO=4&transport=polling&t=q5msfybp 404 in 10ms
 POST /__nextjs_original-stack-frames 404 in 5ms
 GET /socket.io?EIO=4&transport=polling&t=q5rf8raz 404 in 11ms
 GET /socket.io?EIO=4&transport=polling&t=q5rftygb 404 in 11ms
 POST /__nextjs_original-stack-frames 404 in 11ms
 POST /__nextjs_original-stack-frames 404 in 6ms
 ✓ Compiled in 123ms (517 modules)
 ✓ Compiled /_error in 122ms (934 modules)
 GET /socket.io?EIO=4&transport=polling&t=q5w1zfxn 404 in 140ms
 GET /socket.io?EIO=4&transport=polling&t=q5w620rv 404 in 38ms
 POST /__nextjs_original-stack-frames 404 in 38ms
 POST /__nextjs_original-stack-frames 404 in 3ms
 GET /socket.io?EIO=4&transport=polling&t=q60op2xp 404 in 10ms
 POST /__nextjs_original-stack-frames 404 in 8ms
 GET /socket.io?EIO=4&transport=polling&t=q60p4awd 404 in 9ms
 POST /__nextjs_original-stack-frames 404 in 3ms
 ✓ Compiled in 96ms (518 modules)
 GET /socket.io?EIO=4&transport=polling&t=q65bfz0y 404 in 11ms
 GET /socket.io?EIO=4&transport=polling&t=q65bxvyq 404 in 17ms
 POST /__nextjs_original-stack-frames 404 in 17ms
 GET /socket.io?EIO=4&transport=polling&t=q65d6bkh 404 in 12ms
 POST /__nextjs_original-stack-frames 404 in 11ms
 POST /__nextjs_original-stack-frames 404 in 7ms
 GET /socket.io?EIO=4&transport=polling&t=q69y4ixt 404 in 12ms
 GET /socket.io?EIO=4&transport=polling&t=q69ylzn7 404 in 13ms
 POST /__nextjs_original-stack-frames 404 in 12ms
 GET /socket.io?EIO=4&transport=polling&t=q69zu5uc 404 in 9ms
 POST /__nextjs_original-stack-frames 404 in 8ms
 GET /socket.io?EIO=4&transport=polling&t=q6a0u1jk 404 in 9ms
 POST /__nextjs_original-stack-frames 404 in 8ms
 POST /__nextjs_original-stack-frames 404 in 5ms
 ✓ Compiled in 80ms (518 modules)
 GET /socket.io?EIO=4&transport=polling&t=q6ektzwg 404 in 14ms
 POST /__nextjs_original-stack-frames 404 in 13ms
 GET /socket.io?EIO=4&transport=polling&t=q6elgi8v 404 in 16ms
 POST /__nextjs_original-stack-frames 404 in 6ms
 GET /socket.io?EIO=4&transport=polling&t=q6j7h3u3 404 in 10ms
 POST /__nextjs_original-stack-frames 404 in 10ms
 GET /socket.io?EIO=4&transport=polling&t=q6nu5sbn 404 in 15ms
 GET /socket.io?EIO=4&transport=polling&t=q6nursx0 404 in 17ms
 POST /__nextjs_original-stack-frames 404 in 16ms
 POST /__nextjs_original-stack-frames 404 in 11ms
 GET /socket.io?EIO=4&transport=polling&t=q6nvyv8j 404 in 13ms
 GET /socket.io?EIO=4&transport=polling&t=q6nx501p 404 in 11ms
 POST /__nextjs_original-stack-frames 404 in 11ms
 POST /__nextjs_original-stack-frames 404 in 9ms
 GET /socket.io?EIO=4&transport=polling&t=q6sgtbjz 404 in 15ms
 GET /socket.io?EIO=4&transport=polling&t=q6shipol 404 in 17ms
 POST /__nextjs_original-stack-frames 404 in 17ms
 POST /__nextjs_original-stack-frames 404 in 9ms
 GET /socket.io?EIO=4&transport=polling&t=q6x3hg10 404 in 13ms
 GET /socket.io?EIO=4&transport=polling&t=q6x410f6 404 in 18ms
 POST /__nextjs_original-stack-frames 404 in 18ms
 GET /socket.io?EIO=4&transport=polling&t=q6x59z97 404 in 12ms
 POST /__nextjs_original-stack-frames 404 in 11ms
 POST /__nextjs_original-stack-frames 404 in 9ms
 GET /socket.io?EIO=4&transport=polling&t=q71q5df6 404 in 13ms
 POST /__nextjs_original-stack-frames 404 in 12ms
 GET /socket.io?EIO=4&transport=polling&t=q76ctog9 404 in 12ms
 POST /__nextjs_original-stack-frames 404 in 12ms
 GET /socket.io?EIO=4&transport=polling&t=q8pws491 404 in 18ms
 POST /__nextjs_original-stack-frames 404 in 13ms
 GET /socket.io?EIO=4&transport=polling&t=q8ujgjcq 404 in 14ms
 POST /__nextjs_original-stack-frames 404 in 13ms
 GET /socket.io?EIO=4&transport=polling&t=q8z64cqn 404 in 14ms
 POST /__nextjs_original-stack-frames 404 in 13ms
 GET /socket.io?EIO=4&transport=polling&t=q93ss9xy 404 in 15ms
 GET /socket.io?EIO=4&transport=polling&t=q93tfoy4 404 in 23ms
 POST /__nextjs_original-stack-frames 404 in 23ms
 GET /socket.io?EIO=4&transport=polling&t=q93uuxe8 404 in 10ms
 POST /__nextjs_original-stack-frames 404 in 9ms
 POST /__nextjs_original-stack-frames 404 in 7ms
 GET /socket.io?EIO=4&transport=polling&t=q93vulrb 404 in 8ms
 GET /socket.io?EIO=4&transport=polling&t=q93wpnl1 404 in 8ms
 POST /__nextjs_original-stack-frames 404 in 5ms
 POST /__nextjs_original-stack-frames 404 in 5ms
 GET /socket.io?EIO=4&transport=polling&t=q98fgm0f 404 in 16ms
 GET /socket.io?EIO=4&transport=polling&t=q98g6cpr 404 in 23ms
 POST /__nextjs_original-stack-frames 404 in 22ms
 POST /__nextjs_original-stack-frames 404 in 17ms
 GET /socket.io?EIO=4&transport=polling&t=q98hki0x 404 in 17ms
 GET /socket.io?EIO=4&transport=polling&t=q98isxrq 404 in 15ms
 POST /__nextjs_original-stack-frames 404 in 14ms
 POST /__nextjs_original-stack-frames 404 in 9ms
 GET /socket.io?EIO=4&transport=polling&t=q9d24tz0 404 in 13ms
 POST /__nextjs_original-stack-frames 404 in 13ms
 GET /socket.io?EIO=4&transport=polling&t=q9hotauy 404 in 13ms
 POST /__nextjs_original-stack-frames 404 in 13ms
 GET /socket.io?EIO=4&transport=polling&t=q9mbgj2j 404 in 13ms
 POST /__nextjs_original-stack-frames 404 in 11ms
 GET /socket.io?EIO=4&transport=polling&t=q9qy4aly 404 in 15ms
 POST /__nextjs_original-stack-frames 404 in 20ms
 GET /socket.io?EIO=4&transport=polling&t=q9qyrz3v 404 in 21ms
 POST /__nextjs_original-stack-frames 404 in 13ms
 GET /socket.io?EIO=4&transport=polling&t=q9vksu1m 404 in 11ms
 POST /__nextjs_original-stack-frames 404 in 22ms
 GET /socket.io?EIO=4&transport=polling&t=q9vlczn1 404 in 23ms
 POST /__nextjs_original-stack-frames 404 in 14ms
 GET /socket.io?EIO=4&transport=polling&t=qa07g0b0 404 in 15ms
 GET /socket.io?EIO=4&transport=polling&t=qa083f89 404 in 19ms
 POST /__nextjs_original-stack-frames 404 in 19ms
 GET /socket.io?EIO=4&transport=polling&t=qa09f03l 404 in 17ms
 POST /__nextjs_original-stack-frames 404 in 17ms
 GET /socket.io?EIO=4&transport=polling&t=qa0alem1 404 in 15ms
 POST /__nextjs_original-stack-frames 404 in 14ms
 GET /socket.io?EIO=4&transport=polling&t=qa0bqayh 404 in 13ms
 POST /__nextjs_original-stack-frames 404 in 12ms
 POST /__nextjs_original-stack-frames 404 in 12ms
 GET /socket.io?EIO=4&transport=polling&t=qa0cvjsi 404 in 13ms
 POST /__nextjs_original-stack-frames 404 in 11ms
 GET /socket.io?EIO=4&transport=polling&t=qa4u4dt9 404 in 15ms
 GET /socket.io?EIO=4&transport=polling&t=qa4uq6wq 404 in 21ms
 POST /__nextjs_original-stack-frames 404 in 21ms
 POST /__nextjs_original-stack-frames 404 in 9ms
 GET /socket.io?EIO=4&transport=polling&t=qa9gsv0k 404 in 14ms
 GET /socket.io?EIO=4&transport=polling&t=qa9hf55r 404 in 20ms
 POST /__nextjs_original-stack-frames 404 in 20ms
 GET /socket.io?EIO=4&transport=polling&t=qa9it2h9 404 in 16ms
 POST /__nextjs_original-stack-frames 404 in 16ms
 POST /__nextjs_original-stack-frames 404 in 11ms
 GET /socket.io?EIO=4&transport=polling&t=qae3gxcs 404 in 13ms
 POST /__nextjs_original-stack-frames 404 in 11ms
 GET /socket.io?EIO=4&transport=polling&t=qaiq40eg 404 in 13ms
 POST /__nextjs_original-stack-frames 404 in 11ms
 GET /socket.io?EIO=4&transport=polling&t=qancs9g6 404 in 13ms
 POST /__nextjs_original-stack-frames 404 in 13ms
 GET /socket.io?EIO=4&transport=polling&t=qarzg15y 404 in 12ms
 GET /socket.io?EIO=4&transport=polling&t=qarzxz0h 404 in 19ms
 POST /__nextjs_original-stack-frames 404 in 18ms
 POST /__nextjs_original-stack-frames 404 in 13ms
 GET /socket.io?EIO=4&transport=polling&t=qawm3tdd 404 in 11ms
 POST /__nextjs_original-stack-frames 404 in 13ms
 GET /socket.io?EIO=4&transport=polling&t=qb18rz0c 404 in 12ms
 POST /__nextjs_original-stack-frames 404 in 12ms
 GET /socket.io?EIO=4&transport=polling&t=qb5vg49j 404 in 15ms
 POST /__nextjs_original-stack-frames 404 in 9ms
 GET /socket.io?EIO=4&transport=polling&t=qbai3ve3 404 in 15ms
 POST /__nextjs_original-stack-frames 404 in 13ms
 GET /socket.io?EIO=4&transport=polling&t=qbf4rara 404 in 14ms
 GET /socket.io?EIO=4&transport=polling&t=qbf5d91s 404 in 24ms
 POST /__nextjs_original-stack-frames 404 in 23ms
 GET /socket.io?EIO=4&transport=polling&t=qbf72ujo 404 in 20ms
 POST /__nextjs_original-stack-frames 404 in 19ms
 POST /__nextjs_original-stack-frames 404 in 8ms
 GET /socket.io?EIO=4&transport=polling&t=qbjrfuni 404 in 16ms
 POST /__nextjs_original-stack-frames 404 in 14ms
 GET /socket.io?EIO=4&transport=polling&t=qboe3rxc 404 in 12ms
 POST /__nextjs_original-stack-frames 404 in 11ms
 GET /socket.io?EIO=4&transport=polling&t=qbt0rxf8 404 in 13ms
 POST /__nextjs_original-stack-frames 404 in 12ms
 GET /socket.io?EIO=4&transport=polling&t=qbxnfsyp 404 in 10ms
 GET /socket.io?EIO=4&transport=polling&t=qbxnwjqh 404 in 17ms
 POST /__nextjs_original-stack-frames 404 in 16ms
 POST /__nextjs_original-stack-frames 404 in 7ms
 GET /socket.io?EIO=4&transport=polling&t=qc2a37wu 404 in 11ms
 POST /__nextjs_original-stack-frames 404 in 8ms
 GET /socket.io?EIO=4&transport=polling&t=qc6wrm1b 404 in 13ms
 GET /socket.io?EIO=4&transport=polling&t=qc6xb91o 404 in 16ms
 POST /__nextjs_original-stack-frames 404 in 15ms
 POST /__nextjs_original-stack-frames 404 in 8ms
 GET /socket.io?EIO=4&transport=polling&t=qcbjfmso 404 in 10ms
 GET /socket.io?EIO=4&transport=polling&t=qcbjxy8n 404 in 16ms
 POST /__nextjs_original-stack-frames 404 in 17ms
 POST /__nextjs_original-stack-frames 404 in 12ms
 GET /socket.io?EIO=4&transport=polling&t=qcbl5d67 404 in 15ms
 GET /socket.io?EIO=4&transport=polling&t=qcbme17t 404 in 11ms
 POST /__nextjs_original-stack-frames 404 in 11ms
 GET /socket.io?EIO=4&transport=polling&t=qcbnn23q 404 in 11ms
 POST /__nextjs_original-stack-frames 404 in 9ms
 POST /__nextjs_original-stack-frames 404 in 6ms
 GET /socket.io?EIO=4&transport=polling&t=qcg6332t 404 in 12ms
 POST /__nextjs_original-stack-frames 404 in 10ms
 GET /socket.io?EIO=4&transport=polling&t=qcg6n0bj 404 in 12ms
 GET /socket.io?EIO=4&transport=polling&t=qcg7gx1h 404 in 8ms
 POST /__nextjs_original-stack-frames 404 in 7ms
 POST /__nextjs_original-stack-frames 404 in 5ms
 GET /socket.io?EIO=4&transport=polling&t=qcksqi3x 404 in 8ms
 POST /__nextjs_original-stack-frames 404 in 6ms
 GET /socket.io?EIO=4&transport=polling&t=qcpfeirj 404 in 12ms
 POST /__nextjs_original-stack-frames 404 in 11ms
 GET /socket.io?EIO=4&transport=polling&t=qcu22lqr 404 in 11ms
 POST /__nextjs_original-stack-frames 404 in 10ms
 ✓ Compiled in 99ms (517 modules)
 ✓ Compiled /_error in 67ms (920 modules)
 GET /socket.io?EIO=4&transport=polling&t=qcyorind 404 in 83ms
 POST /__nextjs_original-stack-frames 404 in 35ms
 GET /socket.io?EIO=4&transport=polling&t=qd3bew56 404 in 10ms
 POST /__nextjs_original-stack-frames 404 in 7ms
 GET /socket.io?EIO=4&transport=polling&t=qd7y2oek 404 in 15ms
 POST /__nextjs_original-stack-frames 404 in 18ms
 GET /socket.io?EIO=4&transport=polling&t=qd7ypljs 404 in 18ms
 POST /__nextjs_original-stack-frames 404 in 7ms
 GET /socket.io?EIO=4&transport=polling&t=qdckqj8w 404 in 10ms
 POST /__nextjs_original-stack-frames 404 in 7ms
 ✓ Compiled in 89ms (518 modules)
 GET /socket.io?EIO=4&transport=polling&t=qdh7fr4a 404 in 11ms
 GET /socket.io?EIO=4&transport=polling&t=qdh7x4ia 404 in 19ms
 POST /__nextjs_original-stack-frames 404 in 17ms
 POST /__nextjs_original-stack-frames 404 in 7ms
 GET /socket.io?EIO=4&transport=polling&t=qdlu2oiz 404 in 11ms
 POST /__nextjs_original-stack-frames 404 in 9ms
 GET /socket.io?EIO=4&transport=polling&t=qdqgqgfx 404 in 8ms
 POST /__nextjs_original-stack-frames 404 in 9ms
 GET /socket.io?EIO=4&transport=polling&t=qdv3e7u0 404 in 12ms
 GET /socket.io?EIO=4&transport=polling&t=qdv3wl6c 404 in 18ms
 POST /__nextjs_original-stack-frames 404 in 17ms
 POST /__nextjs_original-stack-frames 404 in 8ms
 GET /socket.io?EIO=4&transport=polling&t=qdv4yn1w 404 in 9ms
 GET /socket.io?EIO=4&transport=polling&t=qdv5x124 404 in 8ms
 POST /__nextjs_original-stack-frames 404 in 8ms
 POST /__nextjs_original-stack-frames 404 in 4ms
 GET /socket.io?EIO=4&transport=polling&t=qdzq2r4n 404 in 12ms
 GET /socket.io?EIO=4&transport=polling&t=qdzql9n6 404 in 14ms
 POST /__nextjs_original-stack-frames 404 in 14ms
 GET /socket.io?EIO=4&transport=polling&t=qdzrolj4 404 in 11ms
 POST /__nextjs_original-stack-frames 404 in 11ms
 POST /__nextjs_original-stack-frames 404 in 4ms
 GET /socket.io?EIO=4&transport=polling&t=qe4cq092 404 in 10ms
 POST /__nextjs_original-stack-frames 404 in 6ms
 GET /socket.io?EIO=4&transport=polling&t=qe8ze7xe 404 in 12ms
 GET /socket.io?EIO=4&transport=polling&t=qe8zxpqj 404 in 19ms
 POST /__nextjs_original-stack-frames 404 in 18ms
 POST /__nextjs_original-stack-frames 404 in 8ms
 GET /socket.io?EIO=4&transport=polling&t=qedm11c5 404 in 12ms
 POST /__nextjs_original-stack-frames 404 in 11ms
 GET /socket.io?EIO=4&transport=polling&t=qei8qb56 404 in 12ms
 GET /socket.io?EIO=4&transport=polling&t=qei99sb6 404 in 16ms
 POST /__nextjs_original-stack-frames 404 in 15ms
 POST /__nextjs_original-stack-frames 404 in 8ms
 GET /socket.io?EIO=4&transport=polling&t=qemveawx 404 in 11ms
 GET /socket.io?EIO=4&transport=polling&t=qemvw9w4 404 in 16ms
 POST /__nextjs_original-stack-frames 404 in 16ms
 POST /__nextjs_original-stack-frames 404 in 7ms
<w> [webpack.cache.PackFileCacheStrategy] Caching failed for pack: Error: ENOENT: no such file or directory, rename '/Users/ramnanarumugam/Documents/Banner project/arewethere/.next/cache/webpack/client-development/0.pack.gz_' -> '/Users/ramnanarumugam/Documents/Banner project/arewethere/.next/cache/webpack/client-development/0.pack.gz'
 GET /socket.io?EIO=4&transport=polling&t=qeri22ki 404 in 11ms
 POST /__nextjs_original-stack-frames 404 in 7ms
 GET /socket.io?EIO=4&transport=polling&t=qew4pxce 404 in 11ms
 GET /socket.io?EIO=4&transport=polling&t=qew56h0f 404 in 10ms
 POST /__nextjs_original-stack-frames 404 in 9ms
 POST /__nextjs_original-stack-frames 404 in 6ms
 GET /socket.io?EIO=4&transport=polling&t=qf0rehj1 404 in 13ms
 GET /socket.io?EIO=4&transport=polling&t=qf0rycc7 404 in 14ms
 POST /__nextjs_original-stack-frames 404 in 13ms
 POST /__nextjs_original-stack-frames 404 in 7ms
 GET /socket.io?EIO=4&transport=polling&t=qf5e19m5 404 in 11ms
 POST /__nextjs_original-stack-frames 404 in 11ms
 GET /socket.io?EIO=4&transport=polling&t=qf5ej3ev 404 in 12ms
 GET /socket.io?EIO=4&transport=polling&t=qf5foqcr 404 in 11ms
 POST /__nextjs_original-stack-frames 404 in 10ms
 GET /socket.io?EIO=4&transport=polling&t=qf5grgdr 404 in 10ms
 POST /__nextjs_original-stack-frames 404 in 9ms
 GET /socket.io?EIO=4&transport=polling&t=qf5hzsjn 404 in 9ms
 POST /__nextjs_original-stack-frames 404 in 8ms
 GET /socket.io?EIO=4&transport=polling&t=qf5j53js 404 in 8ms
 POST /__nextjs_original-stack-frames 404 in 7ms
 POST /__nextjs_original-stack-frames 404 in 4ms
 GET /socket.io?EIO=4&transport=polling&t=qfa0p9b4 404 in 7ms
 GET /socket.io?EIO=4&transport=polling&t=qfa14jtt 404 in 12ms
 POST /__nextjs_original-stack-frames 404 in 11ms
 GET /socket.io?EIO=4&transport=polling&t=qfa256ya 404 in 9ms
 POST /__nextjs_original-stack-frames 404 in 9ms
 POST /__nextjs_original-stack-frames 404 in 6ms
 GET /socket.io?EIO=4&transport=polling&t=qfenepr0 404 in 13ms
 POST /__nextjs_original-stack-frames 404 in 9ms
 GET /socket.io?EIO=4&transport=polling&t=qfja22v0 404 in 12ms
 GET /socket.io?EIO=4&transport=polling&t=qfjanqi5 404 in 19ms
 POST /__nextjs_original-stack-frames 404 in 18ms
 GET /socket.io?EIO=4&transport=polling&t=qfjbvojf 404 in 13ms
 POST /__nextjs_original-stack-frames 404 in 13ms
 GET /socket.io?EIO=4&transport=polling&t=qfjdd6ln 404 in 9ms
 POST /__nextjs_original-stack-frames 404 in 9ms
 POST /__nextjs_original-stack-frames 404 in 5ms
 GET /socket.io?EIO=4&transport=polling&t=qfnwphzu 404 in 12ms
 POST /__nextjs_original-stack-frames 404 in 14ms
 GET /socket.io?EIO=4&transport=polling&t=qfnx8gku 404 in 14ms
 GET /socket.io?EIO=4&transport=polling&t=qfnyc23b 404 in 10ms
 POST /__nextjs_original-stack-frames 404 in 10ms
 GET /socket.io?EIO=4&transport=polling&t=qfnzer6t 404 in 10ms
 POST /__nextjs_original-stack-frames 404 in 9ms
 GET /socket.io?EIO=4&transport=polling&t=qfo0djjj 404 in 8ms
 POST /__nextjs_original-stack-frames 404 in 7ms
 GET /socket.io?EIO=4&transport=polling&t=qfo1dlp5 404 in 8ms
 POST /__nextjs_original-stack-frames 404 in 8ms
 GET /socket.io?EIO=4&transport=polling&t=qfo2ak3e 404 in 8ms
 POST /__nextjs_original-stack-frames 404 in 5ms
 GET /socket.io?EIO=4&transport=polling&t=qfo3dbfw 404 in 8ms
 POST /__nextjs_original-stack-frames 404 in 7ms
 POST /__nextjs_original-stack-frames 404 in 4ms
 GET /socket.io?EIO=4&transport=polling&t=qfsjeuse 404 in 10ms
 POST /__nextjs_original-stack-frames 404 in 9ms
 ✓ Compiled in 197ms (932 modules)
 GET /socket.io?EIO=4&transport=polling&t=qfx61i2e 404 in 62ms
 POST /__nextjs_original-stack-frames 404 in 4ms
 GET /socket.io?EIO=4&transport=polling&t=qg1sph2c 404 in 10ms
 GET /socket.io?EIO=4&transport=polling&t=qg1t63uq 404 in 15ms
 POST /__nextjs_original-stack-frames 404 in 14ms
 GET /socket.io?EIO=4&transport=polling&t=qg1ubvah 404 in 9ms
 POST /__nextjs_original-stack-frames 404 in 8ms
 GET /socket.io?EIO=4&transport=polling&t=qg1vcnca 404 in 10ms
 POST /__nextjs_original-stack-frames 404 in 6ms
 GET /socket.io?EIO=4&transport=polling&t=qg1wexwu 404 in 10ms
 POST /__nextjs_original-stack-frames 404 in 10ms
 GET /socket.io?EIO=4&transport=polling&t=qg1xjvth 404 in 7ms
 POST /__nextjs_original-stack-frames 404 in 6ms
 GET /socket.io?EIO=4&transport=polling&t=qg1ynwz1 404 in 7ms
 POST /__nextjs_original-stack-frames 404 in 7ms
 POST /__nextjs_original-stack-frames 404 in 4ms
 GET /socket.io?EIO=4&transport=polling&t=qg6fdaqe 404 in 16ms
 GET /socket.io?EIO=4&transport=polling&t=qg6g4fkw 404 in 16ms
 POST /__nextjs_original-stack-frames 404 in 16ms
 GET /socket.io?EIO=4&transport=polling&t=qg6hcxmo 404 in 12ms
 POST /__nextjs_original-stack-frames 404 in 11ms
 GET /socket.io?EIO=4&transport=polling&t=qg6ifbzl 404 in 11ms
 POST /__nextjs_original-stack-frames 404 in 10ms
 POST /__nextjs_original-stack-frames 404 in 5ms
 GET /socket.io?EIO=4&transport=polling&t=qgb217xl 404 in 13ms
 POST /__nextjs_original-stack-frames 404 in 12ms
 GET /socket.io?EIO=4&transport=polling&t=qgfop1fk 404 in 11ms
 POST /__nextjs_original-stack-frames 404 in 11ms
 GET /socket.io?EIO=4&transport=polling&t=qgkbdud6 404 in 12ms
 POST /__nextjs_original-stack-frames 404 in 12ms
 GET /socket.io?EIO=4&transport=polling&t=qgoy1bbj 404 in 15ms
 POST /__nextjs_original-stack-frames 404 in 12ms
 GET /socket.io?EIO=4&transport=polling&t=qgtkp0d8 404 in 17ms
 GET /socket.io?EIO=4&transport=polling&t=qgtlqas0 404 in 23ms
 POST /__nextjs_original-stack-frames 404 in 23ms
 POST /__nextjs_original-stack-frames 404 in 8ms
 GET /socket.io?EIO=4&transport=polling&t=qgy7c01t 404 in 15ms
 GET /socket.io?EIO=4&transport=polling&t=qgy8b6hg 404 in 25ms
 POST /__nextjs_original-stack-frames 404 in 26ms
 GET /socket.io?EIO=4&transport=polling&t=qgy9sf95 404 in 14ms
 POST /__nextjs_original-stack-frames 404 in 14ms
 POST /__nextjs_original-stack-frames 404 in 7ms
 ✓ Compiled /_error in 121ms (920 modules)
 GET /socket.io?EIO=4&transport=polling&t=qh2u0vrr 404 in 143ms
 POST /__nextjs_original-stack-frames 404 in 25ms
 GET /socket.io?EIO=4&transport=polling&t=qh7gpoad 404 in 16ms
 GET /socket.io?EIO=4&transport=polling&t=qh7hc3bv 404 in 24ms
 POST /__nextjs_original-stack-frames 404 in 23ms
 GET /socket.io?EIO=4&transport=polling&t=qh7iq2dl 404 in 16ms
 POST /__nextjs_original-stack-frames 404 in 15ms
 POST /__nextjs_original-stack-frames 404 in 10ms
 GET /socket.io?EIO=4&transport=polling&t=qhc3cifq 404 in 9ms
 POST /__nextjs_original-stack-frames 404 in 15ms
 GET /socket.io?EIO=4&transport=polling&t=qhgq0klb 404 in 19ms
 GET /socket.io?EIO=4&transport=polling&t=qhgqrwwo 404 in 22ms
 POST /__nextjs_original-stack-frames 404 in 18ms
 POST /__nextjs_original-stack-frames 404 in 12ms
 GET /socket.io?EIO=4&transport=polling&t=qhlco8gw 404 in 15ms
 POST /__nextjs_original-stack-frames 404 in 22ms
 GET /socket.io?EIO=4&transport=polling&t=qhldfigo 404 in 24ms
 POST /__nextjs_original-stack-frames 404 in 7ms
 GET /socket.io?EIO=4&transport=polling&t=qhpzc5hd 404 in 15ms
 GET /socket.io?EIO=4&transport=polling&t=qhq01ewk 404 in 22ms
 POST /__nextjs_original-stack-frames 404 in 21ms
 POST /__nextjs_original-stack-frames 404 in 10ms
 GET /socket.io?EIO=4&transport=polling&t=qhum02hq 404 in 16ms
 POST /__nextjs_original-stack-frames 404 in 18ms
 GET /socket.io?EIO=4&transport=polling&t=qhumozpe 404 in 18ms
 GET /socket.io?EIO=4&transport=polling&t=qhunzo3f 404 in 16ms
 POST /__nextjs_original-stack-frames 404 in 15ms
 POST /__nextjs_original-stack-frames 404 in 9ms
 GET /socket.io?EIO=4&transport=polling&t=qhz8o5as 404 in 13ms
 GET /socket.io?EIO=4&transport=polling&t=qhz9a6wg 404 in 17ms
 POST /__nextjs_original-stack-frames 404 in 16ms
 GET /socket.io?EIO=4&transport=polling&t=qhzack5l 404 in 14ms
 POST /__nextjs_original-stack-frames 404 in 14ms
 POST /__nextjs_original-stack-frames 404 in 11ms
 GET /socket.io?EIO=4&transport=polling&t=qi3vc6i4 404 in 13ms
 GET /socket.io?EIO=4&transport=polling&t=qi3vwkta 404 in 15ms
 POST /__nextjs_original-stack-frames 404 in 14ms
 POST /__nextjs_original-stack-frames 404 in 7ms
 GET /socket.io?EIO=4&transport=polling&t=qi8i0ena 404 in 12ms
 POST /__nextjs_original-stack-frames 404 in 12ms
 GET /socket.io?EIO=4&transport=polling&t=qid4opjj 404 in 14ms
 POST /__nextjs_original-stack-frames 404 in 9ms
 GET /socket.io?EIO=4&transport=polling&t=qihrc7tc 404 in 15ms
 GET /socket.io?EIO=4&transport=polling&t=qihrzo5g 404 in 23ms
 POST /__nextjs_original-stack-frames 404 in 21ms
 POST /__nextjs_original-stack-frames 404 in 13ms
 GET /socket.io?EIO=4&transport=polling&t=qihti3l8 404 in 14ms
 POST /__nextjs_original-stack-frames 404 in 10ms
 GET /socket.io?EIO=4&transport=polling&t=qime0d0p 404 in 18ms
 POST /__nextjs_original-stack-frames 404 in 18ms
 GET /socket.io?EIO=4&transport=polling&t=qimetdm8 404 in 20ms
 POST /__nextjs_original-stack-frames 404 in 10ms
 GET /socket.io?EIO=4&transport=polling&t=qimfvh11 404 in 11ms
 POST /__nextjs_original-stack-frames 404 in 6ms
 GET /socket.io?EIO=4&transport=polling&t=qir0ofba 404 in 18ms
 POST /__nextjs_original-stack-frames 404 in 14ms
 GET /socket.io?EIO=4&transport=polling&t=qivnctvd 404 in 17ms
 POST /__nextjs_original-stack-frames 404 in 13ms
 GET /socket.io?EIO=4&transport=polling&t=qj09zjt2 404 in 9ms
 GET /socket.io?EIO=4&transport=polling&t=qj0aflbd 404 in 13ms
 POST /__nextjs_original-stack-frames 404 in 12ms
 POST /__nextjs_original-stack-frames 404 in 6ms
 GET /socket.io?EIO=4&transport=polling&t=qj4wn0gv 404 in 10ms
 POST /__nextjs_original-stack-frames 404 in 11ms
 GET /socket.io?EIO=4&transport=polling&t=qj9jb4c8 404 in 13ms
 POST /__nextjs_original-stack-frames 404 in 13ms
 GET /socket.io?EIO=4&transport=polling&t=qje603t9 404 in 14ms
 GET /socket.io?EIO=4&transport=polling&t=qje6k2nj 404 in 20ms
 POST /__nextjs_original-stack-frames 404 in 18ms
 POST /__nextjs_original-stack-frames 404 in 10ms
 GET /socket.io?EIO=4&transport=polling&t=qjisopr8 404 in 13ms
 POST /__nextjs_original-stack-frames 404 in 12ms
 GET /socket.io?EIO=4&transport=polling&t=qjnfb1y3 404 in 13ms
 POST /__nextjs_original-stack-frames 404 in 9ms
 GET /socket.io?EIO=4&transport=polling&t=qjs1zex4 404 in 12ms
 GET /socket.io?EIO=4&transport=polling&t=qjs2jps3 404 in 20ms
 POST /__nextjs_original-stack-frames 404 in 19ms
 GET /socket.io?EIO=4&transport=polling&t=qjs3wnro 404 in 13ms
 POST /__nextjs_original-stack-frames 404 in 13ms
 GET /socket.io?EIO=4&transport=polling&t=qjs537sx 404 in 11ms
 POST /__nextjs_original-stack-frames 404 in 10ms
 POST /__nextjs_original-stack-frames 404 in 7ms
 GET /socket.io?EIO=4&transport=polling&t=qjwonrsi 404 in 10ms
 GET /socket.io?EIO=4&transport=polling&t=qjwp4cks 404 in 18ms
 POST /__nextjs_original-stack-frames 404 in 17ms
 POST /__nextjs_original-stack-frames 404 in 10ms
 GET /socket.io?EIO=4&transport=polling&t=qk1bbadl 404 in 11ms
 GET /socket.io?EIO=4&transport=polling&t=qk1bs17d 404 in 18ms
 POST /__nextjs_original-stack-frames 404 in 17ms
 POST /__nextjs_original-stack-frames 404 in 10ms
 GET /socket.io?EIO=4&transport=polling&t=qk5y0mle 404 in 8ms
 POST /__nextjs_original-stack-frames 404 in 7ms
 GET /socket.io?EIO=4&transport=polling&t=qkakn814 404 in 7ms
 GET /socket.io?EIO=4&transport=polling&t=qkal25pp 404 in 9ms
 POST /__nextjs_original-stack-frames 404 in 8ms
 POST /__nextjs_original-stack-frames 404 in 5ms
 GET /socket.io?EIO=4&transport=polling&t=qkf7bzcl 404 in 5ms
 POST /__nextjs_original-stack-frames 404 in 5ms
 GET /socket.io?EIO=4&transport=polling&t=qkjtzuz7 404 in 10ms
 POST /__nextjs_original-stack-frames 404 in 5ms
 GET /socket.io?EIO=4&transport=polling&t=qkogngfn 404 in 9ms
 POST /__nextjs_original-stack-frames 404 in 7ms
 ✓ Compiled in 221ms (932 modules)
 GET /socket.io?EIO=4&transport=polling&t=qkt3b9yz 404 in 31ms
 GET /socket.io?EIO=4&transport=polling&t=qkt4d0an 404 in 9ms
 POST /__nextjs_original-stack-frames 404 in 8ms
 POST /__nextjs_original-stack-frames 404 in 5ms
 GET /socket.io?EIO=4&transport=polling&t=qkxpy9i8 404 in 10ms
 POST /__nextjs_original-stack-frames 404 in 6ms
 GET /socket.io?EIO=4&transport=polling&t=ql2cnt9s 404 in 16ms
 POST /__nextjs_original-stack-frames 404 in 12ms
 GET /socket.io?EIO=4&transport=polling&t=ql6zajqg 404 in 13ms
 GET /socket.io?EIO=4&transport=polling&t=ql6zvs12 404 in 14ms
 POST /__nextjs_original-stack-frames 404 in 14ms
 GET /socket.io?EIO=4&transport=polling&t=ql70yxu8 404 in 12ms
 POST /__nextjs_original-stack-frames 404 in 11ms
 GET /socket.io?EIO=4&transport=polling&t=ql722zlu 404 in 10ms
 POST /__nextjs_original-stack-frames 404 in 10ms
 GET /socket.io?EIO=4&transport=polling&t=ql735l71 404 in 10ms
 POST /__nextjs_original-stack-frames 404 in 9ms
 GET /socket.io?EIO=4&transport=polling&t=ql748smi 404 in 11ms
 POST /__nextjs_original-stack-frames 404 in 10ms
 POST /__nextjs_original-stack-frames 404 in 6ms
 GET /socket.io?EIO=4&transport=polling&t=qlblyoln 404 in 13ms
 GET /socket.io?EIO=4&transport=polling&t=qlbmjonb 404 in 18ms
 POST /__nextjs_original-stack-frames 404 in 17ms
 POST /__nextjs_original-stack-frames 404 in 10ms
 GET /socket.io?EIO=4&transport=polling&t=qlbntpch 404 in 12ms
 POST /__nextjs_original-stack-frames 404 in 5ms
 GET /socket.io?EIO=4&transport=polling&t=qlg8menf 404 in 13ms
 POST /__nextjs_original-stack-frames 404 in 10ms
 GET /socket.io?EIO=4&transport=polling&t=qlkvavw6 404 in 13ms
 POST /__nextjs_original-stack-frames 404 in 11ms
 GET /socket.io?EIO=4&transport=polling&t=qlphzsil 404 in 12ms
 POST /__nextjs_original-stack-frames 404 in 17ms
 GET /socket.io?EIO=4&transport=polling&t=qlpijs69 404 in 20ms
 GET /socket.io?EIO=4&transport=polling&t=qlpjt4fu 404 in 11ms
 POST /__nextjs_original-stack-frames 404 in 11ms
 POST /__nextjs_original-stack-frames 404 in 5ms
 GET /socket.io?EIO=4&transport=polling&t=qlu4mnel 404 in 12ms
 POST /__nextjs_original-stack-frames 404 in 12ms
 GET /socket.io?EIO=4&transport=polling&t=qlyragv0 404 in 12ms
 POST /__nextjs_original-stack-frames 404 in 11ms
<w> [webpack.cache.PackFileCacheStrategy] Caching failed for pack: Error: ENOENT: no such file or directory, rename '/Users/ramnanarumugam/Documents/Banner project/arewethere/.next/cache/webpack/server-development/17.pack.gz_' -> '/Users/ramnanarumugam/Documents/Banner project/arewethere/.next/cache/webpack/server-development/17.pack.gz'
<w> [webpack.cache.PackFileCacheStrategy] Caching failed for pack: Error: ENOENT: no such file or directory, rename '/Users/ramnanarumugam/Documents/Banner project/arewethere/.next/cache/webpack/client-development/1.pack.gz_' -> '/Users/ramnanarumugam/Documents/Banner project/arewethere/.next/cache/webpack/client-development/1.pack.gz'
 GET /socket.io?EIO=4&transport=polling&t=qm3dyb0m 404 in 14ms
 GET /socket.io?EIO=4&transport=polling&t=qm3ej7h1 404 in 19ms
 POST /__nextjs_original-stack-frames 404 in 19ms
 POST /__nextjs_original-stack-frames 404 in 9ms
 GET /socket.io?EIO=4&transport=polling&t=qm80moq4 404 in 14ms
 POST /__nextjs_original-stack-frames 404 in 10ms
 GET /socket.io?EIO=4&transport=polling&t=qmcnala3 404 in 15ms
 GET /socket.io?EIO=4&transport=polling&t=qmcnw3sq 404 in 20ms
 POST /__nextjs_original-stack-frames 404 in 20ms
 GET /socket.io?EIO=4&transport=polling&t=qmcpap8x 404 in 11ms
 POST /__nextjs_original-stack-frames 404 in 10ms
 POST /__nextjs_original-stack-frames 404 in 5ms
 GET /socket.io?EIO=4&transport=polling&t=qmh9y9be 404 in 11ms
 POST /__nextjs_original-stack-frames 404 in 13ms
 GET /socket.io?EIO=4&transport=polling&t=qmlwmk50 404 in 12ms
 POST /__nextjs_original-stack-frames 404 in 11ms
 GET /socket.io?EIO=4&transport=polling&t=qmqja3l9 404 in 12ms
 GET /socket.io?EIO=4&transport=polling&t=qmqjtnfa 404 in 19ms
 POST /__nextjs_original-stack-frames 404 in 17ms
 POST /__nextjs_original-stack-frames 404 in 5ms
 GET /socket.io?EIO=4&transport=polling&t=qmv5y4gv 404 in 12ms
 POST /__nextjs_original-stack-frames 404 in 8ms
 GET /socket.io?EIO=4&transport=polling&t=qmzsllcz 404 in 12ms
 POST /__nextjs_original-stack-frames 404 in 10ms
 GET /socket.io?EIO=4&transport=polling&t=qn4f90i5 404 in 11ms
 POST /__nextjs_original-stack-frames 404 in 12ms
 GET /socket.io?EIO=4&transport=polling&t=qn91y8kz 404 in 12ms
 POST /__nextjs_original-stack-frames 404 in 12ms
 GET /socket.io?EIO=4&transport=polling&t=qndol28z 404 in 12ms
 GET /socket.io?EIO=4&transport=polling&t=qndp6zxj 404 in 19ms
 POST /__nextjs_original-stack-frames 404 in 18ms
 POST /__nextjs_original-stack-frames 404 in 9ms
 GET /socket.io?EIO=4&transport=polling&t=qnib98er 404 in 10ms
 POST /__nextjs_original-stack-frames 404 in 15ms
 GET /socket.io?EIO=4&transport=polling&t=qnibqtbc 404 in 16ms
 POST /__nextjs_original-stack-frames 404 in 9ms
 GET /socket.io?EIO=4&transport=polling&t=qnmxyxai 404 in 11ms
 POST /__nextjs_original-stack-frames 404 in 11ms
 GET /socket.io?EIO=4&transport=polling&t=qnrkl72s 404 in 11ms
 GET /socket.io?EIO=4&transport=polling&t=qnrl34p5 404 in 12ms
 POST /__nextjs_original-stack-frames 404 in 11ms
 POST /__nextjs_original-stack-frames 404 in 6ms
 GET /socket.io?EIO=4&transport=polling&t=qnw79kae 404 in 11ms
 POST /__nextjs_original-stack-frames 404 in 9ms
 GET /socket.io?EIO=4&transport=polling&t=qo0txkmt 404 in 12ms
 POST /__nextjs_original-stack-frames 404 in 9ms
 GET /socket.io?EIO=4&transport=polling&t=qo5glc7z 404 in 8ms
 GET /socket.io?EIO=4&transport=polling&t=qo5gw0x1 404 in 16ms
 POST /__nextjs_original-stack-frames 404 in 16ms
 POST /__nextjs_original-stack-frames 404 in 7ms
 GET /socket.io?EIO=4&transport=polling&t=qoa39ji7 404 in 5ms
 POST /__nextjs_original-stack-frames 404 in 4ms
 GET /socket.io?EIO=4&transport=polling&t=qoepxjrg 404 in 8ms
 POST /__nextjs_original-stack-frames 404 in 6ms
 GET /socket.io?EIO=4&transport=polling&t=qojcl1td 404 in 11ms
 POST /__nextjs_original-stack-frames 404 in 11ms
 ✓ Compiled in 178ms (932 modules)
 GET /socket.io?EIO=4&transport=polling&t=qonz8gct 404 in 64ms
 POST /__nextjs_original-stack-frames 404 in 4ms
 ✓ Compiled in 115ms (932 modules)
 GET /socket.io?EIO=4&transport=polling&t=qoslwj4v 404 in 37ms
 POST /__nextjs_original-stack-frames 404 in 8ms
 ✓ Compiled in 133ms (932 modules)
 GET /socket.io?EIO=4&transport=polling&t=qox8k3pt 404 in 133ms
 GET /socket.io?EIO=4&transport=polling&t=qoxce5be 404 in 5ms
 POST /__nextjs_original-stack-frames 404 in 3ms
 GET /socket.io?EIO=4&transport=polling&t=qoxdd76n 404 in 6ms
 POST /__nextjs_original-stack-frames 404 in 6ms
 GET /socket.io?EIO=4&transport=polling&t=qoxec2db 404 in 4ms
 POST /__nextjs_original-stack-frames 404 in 5ms
 POST /__nextjs_original-stack-frames 404 in 4ms
<w> [webpack.cache.PackFileCacheStrategy] Caching failed for pack: Error: ENOENT: no such file or directory, rename '/Users/ramnanarumugam/Documents/Banner project/arewethere/.next/cache/webpack/client-development/0.pack.gz_' -> '/Users/ramnanarumugam/Documents/Banner project/arewethere/.next/cache/webpack/client-development/0.pack.gz'
 GET /socket.io?EIO=4&transport=polling&t=qp1tm35m 404 in 11ms
 POST /__nextjs_original-stack-frames 404 in 11ms
 GET /socket.io?EIO=4&transport=polling&t=qp6g9en3 404 in 17ms
 GET /socket.io?EIO=4&transport=polling&t=qp6h06gk 404 in 17ms
 POST /__nextjs_original-stack-frames 404 in 16ms
 POST /__nextjs_original-stack-frames 404 in 9ms
 GET /socket.io?EIO=4&transport=polling&t=qpb2yzav 404 in 14ms
 POST /__nextjs_original-stack-frames 404 in 11ms
 GET /socket.io?EIO=4&transport=polling&t=qpfpl9gj 404 in 15ms
 GET /socket.io?EIO=4&transport=polling&t=qpfq8c3e 404 in 18ms
 POST /__nextjs_original-stack-frames 404 in 17ms
 POST /__nextjs_original-stack-frames 404 in 10ms
 GET /socket.io?EIO=4&transport=polling&t=qpkc98gc 404 in 12ms
 GET /socket.io?EIO=4&transport=polling&t=qpkcrvm8 404 in 13ms
 POST /__nextjs_original-stack-frames 404 in 14ms
 GET /socket.io?EIO=4&transport=polling&t=qpkdoto0 404 in 9ms
 POST /__nextjs_original-stack-frames 404 in 9ms
 GET /socket.io?EIO=4&transport=polling&t=qpkei9q5 404 in 8ms
 POST /__nextjs_original-stack-frames 404 in 7ms
 POST /__nextjs_original-stack-frames 404 in 4ms
 GET /socket.io?EIO=4&transport=polling&t=qpoyxm8i 404 in 14ms
 POST /__nextjs_original-stack-frames 404 in 16ms
 GET /socket.io?EIO=4&transport=polling&t=qptll8kf 404 in 16ms
 POST /__nextjs_original-stack-frames 404 in 9ms
 ✓ Compiled /_error in 92ms (920 modules)
 GET /socket.io?EIO=4&transport=polling&t=qpy881k2 404 in 111ms
 POST /__nextjs_original-stack-frames 404 in 16ms
 GET /socket.io?EIO=4&transport=polling&t=qq2uxbys 404 in 15ms
 POST /__nextjs_original-stack-frames 404 in 12ms
 GET /socket.io?EIO=4&transport=polling&t=qq7hlip5 404 in 14ms
 POST /__nextjs_original-stack-frames 404 in 14ms
 GET /socket.io?EIO=4&transport=polling&t=qqc49tx0 404 in 14ms
 POST /__nextjs_original-stack-frames 404 in 19ms
 GET /socket.io?EIO=4&transport=polling&t=qqgqwagp 404 in 17ms
 POST /__nextjs_original-stack-frames 404 in 13ms
 GET /socket.io?EIO=4&transport=polling&t=qqldkjjk 404 in 16ms
 POST /__nextjs_original-stack-frames 404 in 11ms
 GET /socket.io?EIO=4&transport=polling&t=qqq082s9 404 in 13ms
 GET /socket.io?EIO=4&transport=polling&t=qqq0snnu 404 in 21ms
 POST /__nextjs_original-stack-frames 404 in 20ms
 POST /__nextjs_original-stack-frames 404 in 10ms
 GET /socket.io?EIO=4&transport=polling&t=qqumwhzs 404 in 11ms
 POST /__nextjs_original-stack-frames 404 in 16ms
 GET /socket.io?EIO=4&transport=polling&t=qqz9k0s9 404 in 15ms
 POST /__nextjs_original-stack-frames 404 in 13ms
 GET /socket.io?EIO=4&transport=polling&t=qr3w7r6o 404 in 14ms
 GET /socket.io?EIO=4&transport=polling&t=qr3wvnot 404 in 21ms
 POST /__nextjs_original-stack-frames 404 in 20ms
 POST /__nextjs_original-stack-frames 404 in 10ms
 GET /socket.io?EIO=4&transport=polling&t=qr8iwhuh 404 in 16ms
 POST /__nextjs_original-stack-frames 404 in 29ms
 GET /socket.io?EIO=4&transport=polling&t=qrd5k6dg 404 in 13ms
 POST /__nextjs_original-stack-frames 404 in 19ms
 GET /socket.io?EIO=4&transport=polling&t=qrd6315q 404 in 20ms
 POST /__nextjs_original-stack-frames 404 in 12ms
 GET /socket.io?EIO=4&transport=polling&t=qrhs8hx2 404 in 15ms
 POST /__nextjs_original-stack-frames 404 in 13ms
 GET /socket.io?EIO=4&transport=polling&t=qrmevwdj 404 in 18ms
 GET /socket.io?EIO=4&transport=polling&t=qrmfm8go 404 in 20ms
 POST /__nextjs_original-stack-frames 404 in 20ms
 POST /__nextjs_original-stack-frames 404 in 6ms
 GET /socket.io?EIO=4&transport=polling&t=qrr1jdug 404 in 16ms
 POST /__nextjs_original-stack-frames 404 in 14ms
 GET /socket.io?EIO=4&transport=polling&t=qrvo7i4k 404 in 13ms
 POST /__nextjs_original-stack-frames 404 in 14ms
 GET /socket.io?EIO=4&transport=polling&t=qs0ave9o 404 in 15ms
 GET /socket.io?EIO=4&transport=polling&t=qs0bizwk 404 in 26ms
 POST /__nextjs_original-stack-frames 404 in 24ms
 POST /__nextjs_original-stack-frames 404 in 9ms
 GET /socket.io?EIO=4&transport=polling&t=qs4xjptm 404 in 15ms
 GET /socket.io?EIO=4&transport=polling&t=qs4y75ul 404 in 22ms
 POST /__nextjs_original-stack-frames 404 in 21ms
 POST /__nextjs_original-stack-frames 404 in 12ms
 GET /socket.io?EIO=4&transport=polling&t=qs4zmf2y 404 in 13ms
 GET /socket.io?EIO=4&transport=polling&t=qs50q5up 404 in 14ms
 POST /__nextjs_original-stack-frames 404 in 7ms
 POST /__nextjs_original-stack-frames 404 in 11ms
 GET /socket.io?EIO=4&transport=polling&t=qs51wmxv 404 in 13ms
 POST /__nextjs_original-stack-frames 404 in 12ms
 GET /socket.io?EIO=4&transport=polling&t=qs534mp8 404 in 13ms
 POST /__nextjs_original-stack-frames 404 in 7ms
 GET /socket.io?EIO=4&transport=polling&t=qs9k6265 404 in 14ms
 POST /__nextjs_original-stack-frames 404 in 13ms
 GET /socket.io?EIO=4&transport=polling&t=qse6vzh3 404 in 12ms
 POST /__nextjs_original-stack-frames 404 in 12ms
 GET /socket.io?EIO=4&transport=polling&t=qsitiq2u 404 in 12ms
 POST /__nextjs_original-stack-frames 404 in 11ms
 GET /socket.io?EIO=4&transport=polling&t=qsng7qgl 404 in 21ms
 POST /__nextjs_original-stack-frames 404 in 10ms
 GET /socket.io?EIO=4&transport=polling&t=qss2uzex 404 in 16ms
 GET /socket.io?EIO=4&transport=polling&t=qss3hzx8 404 in 21ms
 POST /__nextjs_original-stack-frames 404 in 21ms
 GET /socket.io?EIO=4&transport=polling&t=qss56az8 404 in 20ms
 POST /__nextjs_original-stack-frames 404 in 19ms
 POST /__nextjs_original-stack-frames 404 in 14ms
 GET /socket.io?EIO=4&transport=polling&t=qswpidu8 404 in 14ms
 GET /socket.io?EIO=4&transport=polling&t=qswq3y9x 404 in 19ms
 POST /__nextjs_original-stack-frames 404 in 19ms
 POST /__nextjs_original-stack-frames 404 in 11ms
 GET /socket.io?EIO=4&transport=polling&t=qt1c6o1m 404 in 12ms
 POST /__nextjs_original-stack-frames 404 in 12ms
 GET /socket.io?EIO=4&transport=polling&t=qt5yt90l 404 in 12ms
 POST /__nextjs_original-stack-frames 404 in 11ms
 GET /socket.io?EIO=4&transport=polling&t=qtali6vt 404 in 13ms
 GET /socket.io?EIO=4&transport=polling&t=qtam29kk 404 in 19ms
 POST /__nextjs_original-stack-frames 404 in 17ms
 GET /socket.io?EIO=4&transport=polling&t=qtan5ovu 404 in 17ms
 POST /__nextjs_original-stack-frames 404 in 17ms
 POST /__nextjs_original-stack-frames 404 in 11ms
 GET /socket.io?EIO=4&transport=polling&t=qtf86met 404 in 14ms
 POST /__nextjs_original-stack-frames 404 in 18ms
 GET /socket.io?EIO=4&transport=polling&t=qtf8r76l 404 in 21ms
 GET /socket.io?EIO=4&transport=polling&t=qtfa3mvs 404 in 17ms
 POST /__nextjs_original-stack-frames 404 in 16ms
 GET /socket.io?EIO=4&transport=polling&t=qtfbd0fn 404 in 16ms
 POST /__nextjs_original-stack-frames 404 in 16ms
 POST /__nextjs_original-stack-frames 404 in 15ms
 GET /socket.io?EIO=4&transport=polling&t=qtfcmtcm 404 in 17ms
 POST /__nextjs_original-stack-frames 404 in 12ms
 GET /socket.io?EIO=4&transport=polling&t=qtjuu49d 404 in 13ms
 GET /socket.io?EIO=4&transport=polling&t=qtjvermi 404 in 20ms
 POST /__nextjs_original-stack-frames 404 in 20ms
 POST /__nextjs_original-stack-frames 404 in 12ms
 GET /socket.io?EIO=4&transport=polling&t=qtohhskm 404 in 14ms
 POST /__nextjs_original-stack-frames 404 in 13ms
 GET /socket.io?EIO=4&transport=polling&t=qtt46at7 404 in 15ms
 GET /socket.io?EIO=4&transport=polling&t=qtt4riqr 404 in 16ms
 POST /__nextjs_original-stack-frames 404 in 16ms
 GET /socket.io?EIO=4&transport=polling&t=qtt5xviz 404 in 20ms
 POST /__nextjs_original-stack-frames 404 in 20ms
 GET /socket.io?EIO=4&transport=polling&t=qtt7hegb 404 in 13ms
 POST /__nextjs_original-stack-frames 404 in 13ms
 POST /__nextjs_original-stack-frames 404 in 11ms
 GET /socket.io?EIO=4&transport=polling&t=qtxqt234 404 in 14ms
 GET /socket.io?EIO=4&transport=polling&t=qtxrfbz7 404 in 19ms
 POST /__nextjs_original-stack-frames 404 in 19ms
 GET /socket.io?EIO=4&transport=polling&t=qtxsrg59 404 in 19ms
 POST /__nextjs_original-stack-frames 404 in 16ms
 POST /__nextjs_original-stack-frames 404 in 9ms
 GET /socket.io?EIO=4&transport=polling&t=qu2dh6ya 404 in 14ms
 GET /socket.io?EIO=4&transport=polling&t=qu2e1k5f 404 in 19ms
 POST /__nextjs_original-stack-frames 404 in 18ms
 POST /__nextjs_original-stack-frames 404 in 15ms
 GET /socket.io?EIO=4&transport=polling&t=qu2f3tyk 404 in 16ms
 GET /socket.io?EIO=4&transport=polling&t=qu2ga20o 404 in 12ms
 POST /__nextjs_original-stack-frames 404 in 11ms
 GET /socket.io?EIO=4&transport=polling&t=qu2h6486 404 in 12ms
 POST /__nextjs_original-stack-frames 404 in 11ms
 POST /__nextjs_original-stack-frames 404 in 8ms
 GET /socket.io?EIO=4&transport=polling&t=qu7068et 404 in 11ms
 GET /socket.io?EIO=4&transport=polling&t=qu70m5e2 404 in 18ms
 POST /__nextjs_original-stack-frames 404 in 17ms
 POST /__nextjs_original-stack-frames 404 in 16ms
 GET /socket.io?EIO=4&transport=polling&t=qu71qxbf 404 in 17ms
 POST /__nextjs_original-stack-frames 404 in 10ms
 GET /socket.io?EIO=4&transport=polling&t=qubmtobl 404 in 15ms
 POST /__nextjs_original-stack-frames 404 in 14ms
 GET /socket.io?EIO=4&transport=polling&t=qug9h144 404 in 11ms
 POST /__nextjs_original-stack-frames 404 in 13ms
 GET /socket.io?EIO=4&transport=polling&t=qukw5wok 404 in 12ms
 GET /socket.io?EIO=4&transport=polling&t=qukwlvo3 404 in 20ms
 POST /__nextjs_original-stack-frames 404 in 18ms
 POST /__nextjs_original-stack-frames 404 in 11ms
 GET /socket.io?EIO=4&transport=polling&t=qupitzom 404 in 18ms
 POST /__nextjs_original-stack-frames 404 in 14ms
 GET /socket.io?EIO=4&transport=polling&t=quu5g9vg 404 in 14ms
 GET /socket.io?EIO=4&transport=polling&t=quu608h0 404 in 19ms
 POST /__nextjs_original-stack-frames 404 in 19ms
 POST /__nextjs_original-stack-frames 404 in 10ms
 GET /socket.io?EIO=4&transport=polling&t=quys4qxg 404 in 13ms
 POST /__nextjs_original-stack-frames 404 in 13ms
 GET /socket.io?EIO=4&transport=polling&t=qv3es7qo 404 in 12ms
 POST /__nextjs_original-stack-frames 404 in 12ms
 GET /socket.io?EIO=4&transport=polling&t=qv81gwzu 404 in 12ms
 GET /socket.io?EIO=4&transport=polling&t=qv81zfag 404 in 18ms
 POST /__nextjs_original-stack-frames 404 in 16ms
 POST /__nextjs_original-stack-frames 404 in 10ms
 GET /socket.io?EIO=4&transport=polling&t=qvco4s5y 404 in 12ms
 GET /socket.io?EIO=4&transport=polling&t=qvcona01 404 in 18ms
 POST /__nextjs_original-stack-frames 404 in 17ms
 POST /__nextjs_original-stack-frames 404 in 11ms
 GET /socket.io?EIO=4&transport=polling&t=qvhatj0k 404 in 11ms
 POST /__nextjs_original-stack-frames 404 in 11ms
 GET /socket.io?EIO=4&transport=polling&t=qvlxf8v4 404 in 14ms
 GET /socket.io?EIO=4&transport=polling&t=qvly3db3 404 in 22ms
 POST /__nextjs_original-stack-frames 404 in 20ms
 GET /socket.io?EIO=4&transport=polling&t=qvlzbmak 404 in 14ms
 POST /__nextjs_original-stack-frames 404 in 13ms
 GET /socket.io?EIO=4&transport=polling&t=qvm02ls8 404 in 7ms
 POST /__nextjs_original-stack-frames 404 in 7ms
 GET /socket.io?EIO=4&transport=polling&t=qvm0mbs2 404 in 6ms
 POST /__nextjs_original-stack-frames 404 in 4ms
 GET /socket.io?EIO=4&transport=polling&t=qvm1e744 404 in 6ms
 POST /__nextjs_original-stack-frames 404 in 3ms
 POST /__nextjs_original-stack-frames 404 in 4ms
 GET /socket.io?EIO=4&transport=polling&t=qvqk4uqh 404 in 11ms
 POST /__nextjs_original-stack-frames 404 in 11ms
 GET /socket.io?EIO=4&transport=polling&t=qvv6ssvo 404 in 11ms
 POST /__nextjs_original-stack-frames 404 in 6ms
 GET /socket.io?EIO=4&transport=polling&t=qvztg326 404 in 12ms
 GET /socket.io?EIO=4&transport=polling&t=qvztym12 404 in 18ms
 POST /__nextjs_original-stack-frames 404 in 18ms
 GET /socket.io?EIO=4&transport=polling&t=qvzv5vsq 404 in 13ms
 POST /__nextjs_original-stack-frames 404 in 12ms
 GET /socket.io?EIO=4&transport=polling&t=qvzw7a8a 404 in 9ms
 POST /__nextjs_original-stack-frames 404 in 8ms
 POST /__nextjs_original-stack-frames 404 in 5ms
 GET /socket.io?EIO=4&transport=polling&t=qw4g3ouq 404 in 13ms
 GET /socket.io?EIO=4&transport=polling&t=qw4gp9kx 404 in 12ms
 POST /__nextjs_original-stack-frames 404 in 11ms
 POST /__nextjs_original-stack-frames 404 in 6ms
 GET /socket.io?EIO=4&transport=polling&t=qw92r6x1 404 in 13ms
 POST /__nextjs_original-stack-frames 404 in 13ms
 GET /socket.io?EIO=4&transport=polling&t=qw93ai1w 404 in 14ms
 POST /__nextjs_original-stack-frames 404 in 6ms
 GET /socket.io?EIO=4&transport=polling&t=qwdpfuys 404 in 12ms
 POST /__nextjs_original-stack-frames 404 in 9ms
 ✓ Compiled in 98ms (517 modules)
 ✓ Compiled /_error in 86ms (920 modules)
 GET /socket.io?EIO=4&transport=polling&t=qwic2hv8 404 in 108ms
 POST /__nextjs_original-stack-frames 404 in 32ms
 GET /socket.io?EIO=4&transport=polling&t=qwmyrrmf 404 in 8ms
 GET /socket.io?EIO=4&transport=polling&t=qwmz4bls 404 in 13ms
 POST /__nextjs_original-stack-frames 404 in 12ms
 GET /socket.io?EIO=4&transport=polling&t=qwn074li 404 in 7ms
 POST /__nextjs_original-stack-frames 404 in 7ms
 GET /socket.io?EIO=4&transport=polling&t=qwn13dt3 404 in 9ms
 POST /__nextjs_original-stack-frames 404 in 10ms
 POST /__nextjs_original-stack-frames 404 in 5ms
 ✓ Compiled in 66ms (518 modules)
 GET /socket.io?EIO=4&transport=polling&t=qwrlft5h 404 in 14ms
 POST /__nextjs_original-stack-frames 404 in 9ms
 GET /socket.io?EIO=4&transport=polling&t=qww83x3i 404 in 11ms
 GET /socket.io?EIO=4&transport=polling&t=qww8lmnc 404 in 16ms
 POST /__nextjs_original-stack-frames 404 in 14ms
 POST /__nextjs_original-stack-frames 404 in 5ms
 GET /socket.io?EIO=4&transport=polling&t=qx0urkjq 404 in 14ms
 POST /__nextjs_original-stack-frames 404 in 10ms
 GET /socket.io?EIO=4&transport=polling&t=qx5hfo1v 404 in 15ms
 GET /socket.io?EIO=4&transport=polling&t=qx5i2cph 404 in 13ms
 POST /__nextjs_original-stack-frames 404 in 14ms
 GET /socket.io?EIO=4&transport=polling&t=qx5jbesb 404 in 10ms
 POST /__nextjs_original-stack-frames 404 in 9ms
 POST /__nextjs_original-stack-frames 404 in 5ms
 GET /socket.io?EIO=4&transport=polling&t=qxa438ze 404 in 12ms
 POST /__nextjs_original-stack-frames 404 in 10ms
 GET /socket.io?EIO=4&transport=polling&t=qxeqqmxz 404 in 4ms
 GET /socket.io?EIO=4&transport=polling&t=qxeqzmjg 404 in 7ms
 POST /__nextjs_original-stack-frames 404 in 6ms
 POST /__nextjs_original-stack-frames 404 in 4ms
 ✓ Compiled in 370ms (920 modules)
 ✓ Compiled in 165ms (932 modules)
 ✓ Compiled in 157ms (932 modules)
 ✓ Compiled in 231ms (932 modules)
 ✓ Compiled in 145ms (932 modules)
 ✓ Compiled in 123ms (932 modules)
 ✓ Compiled in 131ms (932 modules)
<w> [webpack.cache.PackFileCacheStrategy] Caching failed for pack: Error: ENOENT: no such file or directory, rename '/Users/ramnanarumugam/Documents/Banner project/arewethere/.next/cache/webpack/server-development/0.pack.gz_' -> '/Users/ramnanarumugam/Documents/Banner project/arewethere/.next/cache/webpack/server-development/0.pack.gz'
